2018-12-06 12:42:22 WhatsApp 2.18.223 conversation-send-photo INFO open application
2018-12-06 12:42:27 WhatsApp 2.18.223 conversation-send-photo INFO click first conversation
2018-12-06 12:42:31 WhatsApp 2.18.223 conversation-send-photo INFO click attachment button
2018-12-06 12:42:36 WhatsApp 2.18.223 conversation-send-photo INFO click Gallery
2018-12-06 12:42:45 WhatsApp 2.18.223 conversation-send-photo INFO click Camera folder
2018-12-06 12:42:50 WhatsApp 2.18.223 conversation-send-photo INFO select photo
2018-12-06 12:43:10 WhatsApp 2.18.223 conversation-send-photo INFO click send button
2018-12-06 12:43:23 WhatsApp 2.18.223 conversation-send-photo INFO stop the application
2018-12-06 12:43:26 WhatsApp 2.18.223 conversation-send-photo INFO remove an app from the recent list
2018-12-06 12:43:28 WhatsApp 2.18.223 conversation-send-photo INFO return HOME
2018-12-06 12:53:08 WhatsApp 2.18.223 conversation-send-photo INFO open application
2018-12-06 12:53:13 WhatsApp 2.18.223 conversation-send-photo INFO click first conversation
2018-12-06 12:53:18 WhatsApp 2.18.223 conversation-send-photo INFO click attachment button
2018-12-06 12:53:23 WhatsApp 2.18.223 conversation-send-photo INFO click Gallery
2018-12-06 12:53:31 WhatsApp 2.18.223 conversation-send-photo INFO click Camera folder
2018-12-06 12:53:36 WhatsApp 2.18.223 conversation-send-photo INFO select photo
2018-12-06 12:53:57 WhatsApp 2.18.223 conversation-send-photo INFO click send button
2018-12-06 12:54:10 WhatsApp 2.18.223 conversation-send-photo INFO stop the application
2018-12-06 12:54:13 WhatsApp 2.18.223 conversation-send-photo INFO remove an app from the recent list
2018-12-06 12:54:14 WhatsApp 2.18.223 conversation-send-photo INFO return HOME
2018-12-06 13:03:53 WhatsApp 2.18.223 conversation-send-photo INFO open application
2018-12-06 13:03:58 WhatsApp 2.18.223 conversation-send-photo INFO click first conversation
2018-12-06 13:04:03 WhatsApp 2.18.223 conversation-send-photo INFO click attachment button
2018-12-06 13:04:08 WhatsApp 2.18.223 conversation-send-photo INFO click Gallery
2018-12-06 13:04:16 WhatsApp 2.18.223 conversation-send-photo INFO click Camera folder
2018-12-06 13:04:21 WhatsApp 2.18.223 conversation-send-photo INFO select photo
2018-12-06 13:04:41 WhatsApp 2.18.223 conversation-send-photo INFO click send button
2018-12-06 13:04:54 WhatsApp 2.18.223 conversation-send-photo INFO stop the application
2018-12-06 13:04:57 WhatsApp 2.18.223 conversation-send-photo INFO remove an app from the recent list
2018-12-06 13:04:59 WhatsApp 2.18.223 conversation-send-photo INFO return HOME
2018-12-06 13:14:40 WhatsApp 2.18.223 conversation-send-photo INFO open application
2018-12-06 13:14:45 WhatsApp 2.18.223 conversation-send-photo INFO click first conversation
2018-12-06 13:14:50 WhatsApp 2.18.223 conversation-send-photo INFO click attachment button
2018-12-06 13:14:55 WhatsApp 2.18.223 conversation-send-photo INFO click Gallery
2018-12-06 13:15:03 WhatsApp 2.18.223 conversation-send-photo INFO click Camera folder
2018-12-06 13:15:08 WhatsApp 2.18.223 conversation-send-photo INFO select photo
2018-12-06 13:15:28 WhatsApp 2.18.223 conversation-send-photo INFO click send button
2018-12-06 13:15:42 WhatsApp 2.18.223 conversation-send-photo INFO stop the application
2018-12-06 13:15:45 WhatsApp 2.18.223 conversation-send-photo INFO remove an app from the recent list
2018-12-06 13:15:46 WhatsApp 2.18.223 conversation-send-photo INFO return HOME
2018-12-06 13:25:26 WhatsApp 2.18.223 conversation-send-photo INFO open application
2018-12-06 13:25:32 WhatsApp 2.18.223 conversation-send-photo INFO click first conversation
2018-12-06 13:25:37 WhatsApp 2.18.223 conversation-send-photo INFO click attachment button
2018-12-06 13:25:42 WhatsApp 2.18.223 conversation-send-photo INFO click Gallery
2018-12-06 13:25:50 WhatsApp 2.18.223 conversation-send-photo INFO click Camera folder
2018-12-06 13:25:55 WhatsApp 2.18.223 conversation-send-photo INFO select photo
2018-12-06 13:26:15 WhatsApp 2.18.223 conversation-send-photo INFO click send button
2018-12-06 13:26:28 WhatsApp 2.18.223 conversation-send-photo INFO stop the application
2018-12-06 13:26:31 WhatsApp 2.18.223 conversation-send-photo INFO remove an app from the recent list
2018-12-06 13:26:33 WhatsApp 2.18.223 conversation-send-photo INFO return HOME
2018-12-06 13:36:12 WhatsApp 2.18.223 conversation-send-photo INFO open application
2018-12-06 13:36:18 WhatsApp 2.18.223 conversation-send-photo INFO click first conversation
2018-12-06 13:36:23 WhatsApp 2.18.223 conversation-send-photo INFO click attachment button
2018-12-06 13:36:28 WhatsApp 2.18.223 conversation-send-photo INFO click Gallery
2018-12-06 13:36:35 WhatsApp 2.18.223 conversation-send-photo INFO click Camera folder
2018-12-06 13:36:41 WhatsApp 2.18.223 conversation-send-photo INFO select photo
2018-12-06 13:37:01 WhatsApp 2.18.223 conversation-send-photo INFO click send button
2018-12-06 13:37:14 WhatsApp 2.18.223 conversation-send-photo INFO stop the application
2018-12-06 13:37:17 WhatsApp 2.18.223 conversation-send-photo INFO remove an app from the recent list
2018-12-06 13:37:19 WhatsApp 2.18.223 conversation-send-photo INFO return HOME
2018-12-06 13:47:01 WhatsApp 2.18.223 conversation-send-photo INFO open application
2018-12-06 13:47:06 WhatsApp 2.18.223 conversation-send-photo INFO click first conversation
2018-12-06 13:47:12 WhatsApp 2.18.223 conversation-send-photo INFO click attachment button
2018-12-06 13:47:17 WhatsApp 2.18.223 conversation-send-photo INFO click Gallery
2018-12-06 13:47:25 WhatsApp 2.18.223 conversation-send-photo INFO click Camera folder
2018-12-06 13:47:30 WhatsApp 2.18.223 conversation-send-photo INFO select photo
2018-12-06 13:47:51 WhatsApp 2.18.223 conversation-send-photo INFO click send button
2018-12-06 13:48:04 WhatsApp 2.18.223 conversation-send-photo INFO stop the application
2018-12-06 13:48:07 WhatsApp 2.18.223 conversation-send-photo INFO remove an app from the recent list
2018-12-06 13:48:09 WhatsApp 2.18.223 conversation-send-photo INFO return HOME
2018-12-06 13:57:53 WhatsApp 2.18.223 conversation-send-photo INFO open application
2018-12-06 13:57:59 WhatsApp 2.18.223 conversation-send-photo INFO click first conversation
2018-12-06 13:58:04 WhatsApp 2.18.223 conversation-send-photo INFO click attachment button
2018-12-06 13:58:09 WhatsApp 2.18.223 conversation-send-photo INFO click Gallery
2018-12-06 13:58:17 WhatsApp 2.18.223 conversation-send-photo INFO click Camera folder
2018-12-06 13:58:22 WhatsApp 2.18.223 conversation-send-photo INFO select photo
2018-12-06 13:58:42 WhatsApp 2.18.223 conversation-send-photo INFO click send button
2018-12-06 13:58:56 WhatsApp 2.18.223 conversation-send-photo INFO stop the application
2018-12-06 13:58:59 WhatsApp 2.18.223 conversation-send-photo INFO remove an app from the recent list
2018-12-06 13:59:00 WhatsApp 2.18.223 conversation-send-photo INFO return HOME
2018-12-06 14:09:08 WhatsApp 2.18.223 conversation-send-photo INFO open application
2018-12-06 14:09:13 WhatsApp 2.18.223 conversation-send-photo INFO click first conversation
2018-12-06 14:09:18 WhatsApp 2.18.223 conversation-send-photo INFO click attachment button
2018-12-06 14:09:23 WhatsApp 2.18.223 conversation-send-photo INFO click Gallery
2018-12-06 14:09:31 WhatsApp 2.18.223 conversation-send-photo INFO click Camera folder
2018-12-06 14:09:36 WhatsApp 2.18.223 conversation-send-photo INFO select photo
2018-12-06 14:09:57 WhatsApp 2.18.223 conversation-send-photo INFO click send button
2018-12-06 14:10:10 WhatsApp 2.18.223 conversation-send-photo INFO stop the application
2018-12-06 14:10:13 WhatsApp 2.18.223 conversation-send-photo INFO remove an app from the recent list
2018-12-06 14:10:14 WhatsApp 2.18.223 conversation-send-photo INFO return HOME
2018-12-06 14:20:12 WhatsApp 2.18.223 conversation-send-photo INFO open application
2018-12-06 14:20:18 WhatsApp 2.18.223 conversation-send-photo INFO click first conversation
2018-12-06 14:20:23 WhatsApp 2.18.223 conversation-send-photo INFO click attachment button
2018-12-06 14:20:28 WhatsApp 2.18.223 conversation-send-photo INFO click Gallery
2018-12-06 14:20:36 WhatsApp 2.18.223 conversation-send-photo INFO click Camera folder
2018-12-06 14:20:41 WhatsApp 2.18.223 conversation-send-photo INFO select photo
2018-12-06 14:21:01 WhatsApp 2.18.223 conversation-send-photo INFO click send button
2018-12-06 14:21:14 WhatsApp 2.18.223 conversation-send-photo INFO stop the application
2018-12-06 14:21:17 WhatsApp 2.18.223 conversation-send-photo INFO remove an app from the recent list
2018-12-06 14:21:19 WhatsApp 2.18.223 conversation-send-photo INFO return HOME
2018-12-06 14:31:12 WhatsApp 2.18.223 conversation-send-photo INFO open application
2018-12-06 14:31:17 WhatsApp 2.18.223 conversation-send-photo INFO click first conversation
2018-12-06 14:31:22 WhatsApp 2.18.223 conversation-send-photo INFO click attachment button
2018-12-06 14:31:27 WhatsApp 2.18.223 conversation-send-photo INFO click Gallery
2018-12-06 14:31:35 WhatsApp 2.18.223 conversation-send-photo INFO click Camera folder
2018-12-06 14:31:40 WhatsApp 2.18.223 conversation-send-photo INFO select photo
2018-12-06 14:32:00 WhatsApp 2.18.223 conversation-send-photo INFO click send button
2018-12-06 14:32:13 WhatsApp 2.18.223 conversation-send-photo INFO stop the application
2018-12-06 14:32:17 WhatsApp 2.18.223 conversation-send-photo INFO remove an app from the recent list
2018-12-06 14:32:18 WhatsApp 2.18.223 conversation-send-photo INFO return HOME
2018-12-06 15:03:30 WhatsApp 2.18.223 conversation-send-message INFO open application
2018-12-06 15:03:36 WhatsApp 2.18.223 conversation-send-message INFO click first conversation
2018-12-06 15:03:41 WhatsApp 2.18.223 conversation-send-message INFO click entry
2018-12-06 15:03:43 WhatsApp 2.18.223 conversation-send-message INFO type message
2018-12-06 15:03:49 WhatsApp 2.18.223 conversation-send-message INFO send message
2018-12-06 15:03:53 WhatsApp 2.18.223 conversation-send-message INFO stop the application
2018-12-06 15:03:58 WhatsApp 2.18.223 conversation-send-message INFO remove an app from the recent list
2018-12-06 15:04:00 WhatsApp 2.18.223 conversation-send-message INFO return HOME
2018-12-06 15:13:36 WhatsApp 2.18.223 conversation-send-message INFO open application
2018-12-06 15:13:41 WhatsApp 2.18.223 conversation-send-message INFO click first conversation
2018-12-06 15:13:46 WhatsApp 2.18.223 conversation-send-message INFO click entry
2018-12-06 15:13:48 WhatsApp 2.18.223 conversation-send-message INFO type message
2018-12-06 15:13:54 WhatsApp 2.18.223 conversation-send-message INFO send message
2018-12-06 15:13:57 WhatsApp 2.18.223 conversation-send-message INFO stop the application
2018-12-06 15:14:03 WhatsApp 2.18.223 conversation-send-message INFO remove an app from the recent list
2018-12-06 15:14:05 WhatsApp 2.18.223 conversation-send-message INFO return HOME
2018-12-06 15:23:51 WhatsApp 2.18.223 conversation-send-message INFO open application
2018-12-06 15:23:56 WhatsApp 2.18.223 conversation-send-message INFO click first conversation
2018-12-06 15:24:01 WhatsApp 2.18.223 conversation-send-message INFO click entry
2018-12-06 15:24:03 WhatsApp 2.18.223 conversation-send-message INFO type message
2018-12-06 15:24:11 WhatsApp 2.18.223 conversation-send-message INFO send message
2018-12-06 15:24:14 WhatsApp 2.18.223 conversation-send-message INFO stop the application
2018-12-06 15:24:18 WhatsApp 2.18.223 conversation-send-message INFO remove an app from the recent list
2018-12-06 15:24:20 WhatsApp 2.18.223 conversation-send-message INFO return HOME
2018-12-06 15:33:32 WhatsApp 2.18.223 conversation-send-message INFO open application
2018-12-06 15:33:38 WhatsApp 2.18.223 conversation-send-message INFO click first conversation
2018-12-06 15:33:43 WhatsApp 2.18.223 conversation-send-message INFO click entry
2018-12-06 15:33:45 WhatsApp 2.18.223 conversation-send-message INFO type message
2018-12-06 15:33:54 WhatsApp 2.18.223 conversation-send-message INFO send message
2018-12-06 15:33:57 WhatsApp 2.18.223 conversation-send-message INFO stop the application
2018-12-06 15:34:01 WhatsApp 2.18.223 conversation-send-message INFO remove an app from the recent list
2018-12-06 15:34:03 WhatsApp 2.18.223 conversation-send-message INFO return HOME
2018-12-06 15:43:33 WhatsApp 2.18.223 conversation-send-message INFO open application
2018-12-06 15:43:39 WhatsApp 2.18.223 conversation-send-message INFO click first conversation
2018-12-06 15:43:44 WhatsApp 2.18.223 conversation-send-message INFO click entry
2018-12-06 15:43:46 WhatsApp 2.18.223 conversation-send-message INFO type message
2018-12-06 15:43:54 WhatsApp 2.18.223 conversation-send-message INFO send message
2018-12-06 15:43:57 WhatsApp 2.18.223 conversation-send-message INFO stop the application
2018-12-06 15:44:02 WhatsApp 2.18.223 conversation-send-message INFO remove an app from the recent list
2018-12-06 15:44:03 WhatsApp 2.18.223 conversation-send-message INFO return HOME
2018-12-06 15:53:37 WhatsApp 2.18.223 conversation-send-message INFO open application
2018-12-06 15:53:42 WhatsApp 2.18.223 conversation-send-message INFO click first conversation
2018-12-06 15:53:47 WhatsApp 2.18.223 conversation-send-message INFO click entry
2018-12-06 15:53:50 WhatsApp 2.18.223 conversation-send-message INFO type message
2018-12-06 15:53:56 WhatsApp 2.18.223 conversation-send-message INFO send message
2018-12-06 15:53:59 WhatsApp 2.18.223 conversation-send-message INFO stop the application
2018-12-06 15:54:04 WhatsApp 2.18.223 conversation-send-message INFO remove an app from the recent list
2018-12-06 15:54:06 WhatsApp 2.18.223 conversation-send-message INFO return HOME
2018-12-06 16:03:31 WhatsApp 2.18.223 conversation-send-message INFO open application
2018-12-06 16:03:37 WhatsApp 2.18.223 conversation-send-message INFO click first conversation
2018-12-06 16:03:42 WhatsApp 2.18.223 conversation-send-message INFO click entry
2018-12-06 16:03:44 WhatsApp 2.18.223 conversation-send-message INFO type message
2018-12-06 16:03:49 WhatsApp 2.18.223 conversation-send-message INFO send message
2018-12-06 16:03:53 WhatsApp 2.18.223 conversation-send-message INFO stop the application
2018-12-06 16:03:59 WhatsApp 2.18.223 conversation-send-message INFO remove an app from the recent list
2018-12-06 16:04:00 WhatsApp 2.18.223 conversation-send-message INFO return HOME
2018-12-06 16:13:21 WhatsApp 2.18.223 conversation-send-message INFO open application
2018-12-06 16:13:26 WhatsApp 2.18.223 conversation-send-message INFO click first conversation
2018-12-06 16:13:31 WhatsApp 2.18.223 conversation-send-message INFO click entry
2018-12-06 16:13:34 WhatsApp 2.18.223 conversation-send-message INFO type message
2018-12-06 16:13:42 WhatsApp 2.18.223 conversation-send-message INFO send message
2018-12-06 16:13:45 WhatsApp 2.18.223 conversation-send-message INFO stop the application
2018-12-06 16:13:50 WhatsApp 2.18.223 conversation-send-message INFO remove an app from the recent list
2018-12-06 16:13:51 WhatsApp 2.18.223 conversation-send-message INFO return HOME
2018-12-06 16:23:11 WhatsApp 2.18.223 conversation-send-message INFO open application
2018-12-06 16:23:16 WhatsApp 2.18.223 conversation-send-message INFO click first conversation
2018-12-06 16:23:21 WhatsApp 2.18.223 conversation-send-message INFO click entry
2018-12-06 16:23:23 WhatsApp 2.18.223 conversation-send-message INFO type message
2018-12-06 16:23:30 WhatsApp 2.18.223 conversation-send-message INFO send message
2018-12-06 16:23:34 WhatsApp 2.18.223 conversation-send-message INFO stop the application
2018-12-06 16:23:39 WhatsApp 2.18.223 conversation-send-message INFO remove an app from the recent list
2018-12-06 16:23:40 WhatsApp 2.18.223 conversation-send-message INFO return HOME
2018-12-06 16:32:57 WhatsApp 2.18.223 conversation-send-message INFO open application
2018-12-06 16:33:02 WhatsApp 2.18.223 conversation-send-message INFO click first conversation
2018-12-06 16:33:07 WhatsApp 2.18.223 conversation-send-message INFO click entry
2018-12-06 16:33:09 WhatsApp 2.18.223 conversation-send-message INFO type message
2018-12-06 16:33:15 WhatsApp 2.18.223 conversation-send-message INFO send message
2018-12-06 16:33:19 WhatsApp 2.18.223 conversation-send-message INFO stop the application
2018-12-06 16:33:24 WhatsApp 2.18.223 conversation-send-message INFO remove an app from the recent list
2018-12-06 16:33:25 WhatsApp 2.18.223 conversation-send-message INFO return HOME
2018-12-06 16:42:54 WhatsApp 2.18.223 conversation-send-message INFO open application
2018-12-06 16:42:59 WhatsApp 2.18.223 conversation-send-message INFO click first conversation
2018-12-06 16:43:04 WhatsApp 2.18.223 conversation-send-message INFO click entry
2018-12-06 16:43:06 WhatsApp 2.18.223 conversation-send-message INFO type message
2018-12-06 16:43:12 WhatsApp 2.18.223 conversation-send-message INFO send message
2018-12-06 16:43:15 WhatsApp 2.18.223 conversation-send-message INFO stop the application
2018-12-06 16:43:21 WhatsApp 2.18.223 conversation-send-message INFO remove an app from the recent list
2018-12-06 16:43:22 WhatsApp 2.18.223 conversation-send-message INFO return HOME
2018-12-06 16:59:44 WhatsApp 2.18.223 fab-message INFO open application
2018-12-06 16:59:49 WhatsApp 2.18.223 fab-message INFO click fab
2018-12-06 16:59:54 WhatsApp 2.18.223 fab-message INFO select first contact
2018-12-06 17:00:00 WhatsApp 2.18.223 fab-message INFO click entry
2018-12-06 17:00:01 WhatsApp 2.18.223 fab-message INFO type message
2018-12-06 17:00:10 WhatsApp 2.18.223 fab-message INFO send message
2018-12-06 17:00:13 WhatsApp 2.18.223 fab-message INFO stop the application
2018-12-06 17:00:17 WhatsApp 2.18.223 fab-message INFO remove an app from the recent list
2018-12-06 17:00:19 WhatsApp 2.18.223 fab-message INFO return HOME
2018-12-06 17:09:16 WhatsApp 2.18.223 fab-message INFO open application
2018-12-06 17:09:22 WhatsApp 2.18.223 fab-message INFO click fab
2018-12-06 17:09:27 WhatsApp 2.18.223 fab-message INFO select first contact
2018-12-06 17:09:33 WhatsApp 2.18.223 fab-message INFO click entry
2018-12-06 17:09:34 WhatsApp 2.18.223 fab-message INFO type message
2018-12-06 17:09:43 WhatsApp 2.18.223 fab-message INFO send message
2018-12-06 17:09:46 WhatsApp 2.18.223 fab-message INFO stop the application
2018-12-06 17:09:49 WhatsApp 2.18.223 fab-message INFO remove an app from the recent list
2018-12-06 17:09:51 WhatsApp 2.18.223 fab-message INFO return HOME
2018-12-06 17:18:40 WhatsApp 2.18.223 fab-message INFO open application
2018-12-06 17:18:45 WhatsApp 2.18.223 fab-message INFO click fab
2018-12-06 17:18:51 WhatsApp 2.18.223 fab-message INFO select first contact
2018-12-06 17:18:56 WhatsApp 2.18.223 fab-message INFO click entry
2018-12-06 17:18:59 WhatsApp 2.18.223 fab-message INFO type message
2018-12-06 17:19:06 WhatsApp 2.18.223 fab-message INFO send message
2018-12-06 17:19:09 WhatsApp 2.18.223 fab-message INFO stop the application
2018-12-06 17:19:13 WhatsApp 2.18.223 fab-message INFO remove an app from the recent list
2018-12-06 17:19:14 WhatsApp 2.18.223 fab-message INFO return HOME
2018-12-06 17:28:12 WhatsApp 2.18.223 fab-message INFO open application
2018-12-06 17:28:18 WhatsApp 2.18.223 fab-message INFO click fab
2018-12-06 17:28:23 WhatsApp 2.18.223 fab-message INFO select first contact
2018-12-06 17:28:28 WhatsApp 2.18.223 fab-message INFO click entry
2018-12-06 17:28:30 WhatsApp 2.18.223 fab-message INFO type message
2018-12-06 17:28:38 WhatsApp 2.18.223 fab-message INFO send message
2018-12-06 17:28:42 WhatsApp 2.18.223 fab-message INFO stop the application
2018-12-06 17:28:46 WhatsApp 2.18.223 fab-message INFO remove an app from the recent list
2018-12-06 17:28:47 WhatsApp 2.18.223 fab-message INFO return HOME
2018-12-06 17:37:53 WhatsApp 2.18.223 fab-message INFO open application
2018-12-06 17:37:59 WhatsApp 2.18.223 fab-message INFO click fab
2018-12-06 17:38:04 WhatsApp 2.18.223 fab-message INFO select first contact
2018-12-06 17:38:09 WhatsApp 2.18.223 fab-message INFO click entry
2018-12-06 17:38:11 WhatsApp 2.18.223 fab-message INFO type message
2018-12-06 17:38:19 WhatsApp 2.18.223 fab-message INFO send message
2018-12-06 17:38:22 WhatsApp 2.18.223 fab-message INFO stop the application
2018-12-06 17:38:26 WhatsApp 2.18.223 fab-message INFO remove an app from the recent list
2018-12-06 17:38:28 WhatsApp 2.18.223 fab-message INFO return HOME
2018-12-06 17:57:16 WhatsApp 2.18.223 fab-message INFO open application
2018-12-06 17:57:22 WhatsApp 2.18.223 fab-message INFO click fab
2018-12-06 17:57:27 WhatsApp 2.18.223 fab-message INFO select first contact
2018-12-06 17:57:33 WhatsApp 2.18.223 fab-message INFO click entry
2018-12-06 17:57:36 WhatsApp 2.18.223 fab-message INFO type message
2018-12-06 17:57:43 WhatsApp 2.18.223 fab-message INFO send message
2018-12-06 17:57:46 WhatsApp 2.18.223 fab-message INFO stop the application
2018-12-06 17:57:50 WhatsApp 2.18.223 fab-message INFO remove an app from the recent list
2018-12-06 17:57:52 WhatsApp 2.18.223 fab-message INFO return HOME
2018-12-06 18:32:09 WhatsApp 2.18.223 fab-message INFO open application
2018-12-06 18:32:24 WhatsApp 2.18.223 fab-message INFO click fab
2018-12-06 18:32:32 WhatsApp 2.18.223 fab-message INFO select first contact
2018-12-06 18:32:39 WhatsApp 2.18.223 fab-message INFO click entry
2018-12-06 18:32:41 WhatsApp 2.18.223 fab-message INFO type message
2018-12-06 18:32:47 WhatsApp 2.18.223 fab-message INFO send message
2018-12-06 18:32:50 WhatsApp 2.18.223 fab-message INFO stop the application
2018-12-06 18:32:53 WhatsApp 2.18.223 fab-message INFO remove an app from the recent list
2018-12-06 18:32:55 WhatsApp 2.18.223 fab-message INFO return HOME
2018-12-06 19:03:15 WhatsApp 2.18.223 fab-message INFO open application
2018-12-06 19:03:27 WhatsApp 2.18.223 fab-message INFO click fab
2018-12-06 19:03:32 WhatsApp 2.18.223 fab-message INFO select first contact
2018-12-06 19:03:42 WhatsApp 2.18.223 fab-message INFO click entry
2018-12-06 19:03:44 WhatsApp 2.18.223 fab-message INFO type message
2018-12-06 19:03:49 WhatsApp 2.18.223 fab-message INFO send message
2018-12-06 19:03:52 WhatsApp 2.18.223 fab-message INFO stop the application
2018-12-06 19:03:56 WhatsApp 2.18.223 fab-message INFO remove an app from the recent list
2018-12-06 19:03:58 WhatsApp 2.18.223 fab-message INFO return HOME
2018-12-06 19:21:53 WhatsApp 2.18.223 fab-message INFO open application
2018-12-06 19:22:09 WhatsApp 2.18.223 fab-message INFO click fab
2018-12-06 19:22:17 WhatsApp 2.18.223 fab-message INFO select first contact
2018-12-06 19:22:24 WhatsApp 2.18.223 fab-message INFO click entry
2018-12-06 19:22:26 WhatsApp 2.18.223 fab-message INFO type message
2018-12-06 19:22:32 WhatsApp 2.18.223 fab-message INFO send message
2018-12-06 19:22:35 WhatsApp 2.18.223 fab-message INFO stop the application
2018-12-06 19:22:38 WhatsApp 2.18.223 fab-message INFO remove an app from the recent list
2018-12-06 19:22:40 WhatsApp 2.18.223 fab-message INFO return HOME
2018-12-06 19:32:18 WhatsApp 2.18.223 fab-message INFO open application
2018-12-06 19:32:34 WhatsApp 2.18.223 fab-message INFO click fab
2018-12-06 19:32:42 WhatsApp 2.18.223 fab-message INFO select first contact
2018-12-06 19:32:49 WhatsApp 2.18.223 fab-message INFO click entry
2018-12-06 19:32:51 WhatsApp 2.18.223 fab-message INFO type message
2018-12-06 19:32:56 WhatsApp 2.18.223 fab-message INFO send message
2018-12-06 19:32:59 WhatsApp 2.18.223 fab-message INFO stop the application
2018-12-06 19:33:02 WhatsApp 2.18.223 fab-message INFO remove an app from the recent list
2018-12-06 19:33:04 WhatsApp 2.18.223 fab-message INFO return HOME
2018-12-06 19:42:51 WhatsApp 2.18.223 fab-message INFO open application
2018-12-06 19:43:06 WhatsApp 2.18.223 fab-message INFO click fab
2018-12-06 19:43:14 WhatsApp 2.18.223 fab-message INFO select first contact
2018-12-06 19:43:21 WhatsApp 2.18.223 fab-message INFO click entry
2018-12-06 19:43:23 WhatsApp 2.18.223 fab-message INFO type message
2018-12-06 19:43:28 WhatsApp 2.18.223 fab-message INFO send message
2018-12-06 19:43:32 WhatsApp 2.18.223 fab-message INFO stop the application
2018-12-06 19:43:35 WhatsApp 2.18.223 fab-message INFO remove an app from the recent list
2018-12-06 19:43:37 WhatsApp 2.18.223 fab-message INFO return HOME
2018-12-06 20:07:54 WhatsApp 2.18.223 open-close INFO open application
2018-12-06 20:07:57 WhatsApp 2.18.223 open-close INFO stop the application
2018-12-06 20:08:00 WhatsApp 2.18.223 open-close INFO remove an app from the recent list
2018-12-06 20:08:01 WhatsApp 2.18.223 open-close INFO return HOME
2018-12-06 20:17:22 WhatsApp 2.18.223 open-close INFO open application
2018-12-06 20:17:26 WhatsApp 2.18.223 open-close INFO stop the application
2018-12-06 20:17:29 WhatsApp 2.18.223 open-close INFO remove an app from the recent list
2018-12-06 20:17:31 WhatsApp 2.18.223 open-close INFO return HOME
2018-12-06 20:26:59 WhatsApp 2.18.223 open-close INFO open application
2018-12-06 20:27:02 WhatsApp 2.18.223 open-close INFO stop the application
2018-12-06 20:27:06 WhatsApp 2.18.223 open-close INFO remove an app from the recent list
2018-12-06 20:27:07 WhatsApp 2.18.223 open-close INFO return HOME
2018-12-06 20:36:41 WhatsApp 2.18.223 open-close INFO open application
2018-12-06 20:36:45 WhatsApp 2.18.223 open-close INFO stop the application
2018-12-06 20:36:48 WhatsApp 2.18.223 open-close INFO remove an app from the recent list
2018-12-06 20:36:49 WhatsApp 2.18.223 open-close INFO return HOME
2018-12-06 20:46:29 WhatsApp 2.18.223 open-close INFO open application
2018-12-06 20:46:33 WhatsApp 2.18.223 open-close INFO stop the application
2018-12-06 20:46:36 WhatsApp 2.18.223 open-close INFO remove an app from the recent list
2018-12-06 20:46:37 WhatsApp 2.18.223 open-close INFO return HOME
2018-12-06 20:56:23 WhatsApp 2.18.223 open-close INFO open application
2018-12-06 20:56:26 WhatsApp 2.18.223 open-close INFO stop the application
2018-12-06 20:56:30 WhatsApp 2.18.223 open-close INFO remove an app from the recent list
2018-12-06 20:56:31 WhatsApp 2.18.223 open-close INFO return HOME
2018-12-06 21:06:12 WhatsApp 2.18.223 open-close INFO open application
2018-12-06 21:06:16 WhatsApp 2.18.223 open-close INFO stop the application
2018-12-06 21:06:19 WhatsApp 2.18.223 open-close INFO remove an app from the recent list
2018-12-06 21:06:20 WhatsApp 2.18.223 open-close INFO return HOME
2018-12-06 21:30:42 WhatsApp 2.18.223 open-close INFO open application
2018-12-06 21:30:45 WhatsApp 2.18.223 open-close INFO stop the application
2018-12-06 21:30:49 WhatsApp 2.18.223 open-close INFO remove an app from the recent list
2018-12-06 21:30:50 WhatsApp 2.18.223 open-close INFO return HOME
2018-12-06 21:39:55 WhatsApp 2.18.223 open-close INFO open application
2018-12-06 21:39:58 WhatsApp 2.18.223 open-close INFO stop the application
2018-12-06 21:40:01 WhatsApp 2.18.223 open-close INFO remove an app from the recent list
2018-12-06 21:40:03 WhatsApp 2.18.223 open-close INFO return HOME
2018-12-06 21:49:28 WhatsApp 2.18.223 open-close INFO open application
2018-12-06 21:49:32 WhatsApp 2.18.223 open-close INFO stop the application
2018-12-06 21:49:35 WhatsApp 2.18.223 open-close INFO remove an app from the recent list
2018-12-06 21:49:36 WhatsApp 2.18.223 open-close INFO return HOME
2018-12-07 08:57:15 WhatsApp 2.18.223 fab-photo INFO open application
2018-12-07 08:57:29 WhatsApp 2.18.223 fab-photo INFO click fab
2018-12-07 08:57:35 WhatsApp 2.18.223 fab-photo INFO select first contact
2018-12-07 08:57:40 WhatsApp 2.18.223 fab-photo INFO click attachment button
2018-12-07 08:57:45 WhatsApp 2.18.223 fab-photo INFO click Gallery
2018-12-07 08:57:49 WhatsApp 2.18.223 fab-photo INFO click Camera folder
2018-12-07 08:57:53 WhatsApp 2.18.223 fab-photo INFO select photo
2018-12-07 08:58:18 WhatsApp 2.18.223 fab-photo INFO click send button
2018-12-07 08:58:31 WhatsApp 2.18.223 fab-photo INFO stop the application
2018-12-07 08:58:33 WhatsApp 2.18.223 fab-photo INFO remove an app from the recent list
2018-12-07 08:58:34 WhatsApp 2.18.223 fab-photo INFO return HOME
2018-12-07 09:20:07 WhatsApp 2.18.223 fab-photo INFO open application
2018-12-07 09:20:22 WhatsApp 2.18.223 fab-photo INFO click fab
2018-12-07 09:20:30 WhatsApp 2.18.223 fab-photo INFO select first contact
2018-12-07 09:20:37 WhatsApp 2.18.223 fab-photo INFO click attachment button
2018-12-07 09:20:43 WhatsApp 2.18.223 fab-photo INFO click Gallery
2018-12-07 09:20:48 WhatsApp 2.18.223 fab-photo INFO click Camera folder
2018-12-07 09:20:53 WhatsApp 2.18.223 fab-photo INFO select photo
2018-12-07 09:21:19 WhatsApp 2.18.223 fab-photo INFO click send button
2018-12-07 09:21:32 WhatsApp 2.18.223 fab-photo INFO stop the application
2018-12-07 09:21:35 WhatsApp 2.18.223 fab-photo INFO remove an app from the recent list
2018-12-07 09:21:36 WhatsApp 2.18.223 fab-photo INFO return HOME
2018-12-07 09:30:54 WhatsApp 2.18.223 fab-photo INFO open application
2018-12-07 09:31:09 WhatsApp 2.18.223 fab-photo INFO click fab
2018-12-07 09:31:17 WhatsApp 2.18.223 fab-photo INFO select first contact
2018-12-07 09:31:23 WhatsApp 2.18.223 fab-photo INFO click attachment button
2018-12-07 09:31:30 WhatsApp 2.18.223 fab-photo INFO click Gallery
2018-12-07 09:31:35 WhatsApp 2.18.223 fab-photo INFO click Camera folder
2018-12-07 09:31:40 WhatsApp 2.18.223 fab-photo INFO select photo
2018-12-07 09:32:05 WhatsApp 2.18.223 fab-photo INFO click send button
2018-12-07 09:32:19 WhatsApp 2.18.223 fab-photo INFO stop the application
2018-12-07 09:32:22 WhatsApp 2.18.223 fab-photo INFO remove an app from the recent list
2018-12-07 09:32:23 WhatsApp 2.18.223 fab-photo INFO return HOME
2018-12-07 09:42:19 WhatsApp 2.18.223 fab-photo INFO open application
2018-12-07 09:42:35 WhatsApp 2.18.223 fab-photo INFO click fab
2018-12-07 09:42:42 WhatsApp 2.18.223 fab-photo INFO select first contact
2018-12-07 09:42:49 WhatsApp 2.18.223 fab-photo INFO click attachment button
2018-12-07 09:42:55 WhatsApp 2.18.223 fab-photo INFO click Gallery
2018-12-07 09:43:00 WhatsApp 2.18.223 fab-photo INFO click Camera folder
2018-12-07 09:43:05 WhatsApp 2.18.223 fab-photo INFO select photo
2018-12-07 09:43:31 WhatsApp 2.18.223 fab-photo INFO click send button
2018-12-07 09:43:44 WhatsApp 2.18.223 fab-photo INFO stop the application
2018-12-07 09:43:47 WhatsApp 2.18.223 fab-photo INFO remove an app from the recent list
2018-12-07 09:43:49 WhatsApp 2.18.223 fab-photo INFO return HOME
2018-12-07 10:04:29 WhatsApp 2.18.223 fab-photo INFO open application
2018-12-07 10:04:44 WhatsApp 2.18.223 fab-photo INFO click fab
2018-12-07 10:04:52 WhatsApp 2.18.223 fab-photo INFO select first contact
2018-12-07 10:04:59 WhatsApp 2.18.223 fab-photo INFO click attachment button
2018-12-07 10:05:05 WhatsApp 2.18.223 fab-photo INFO click Gallery
2018-12-07 10:05:10 WhatsApp 2.18.223 fab-photo INFO click Camera folder
2018-12-07 10:05:15 WhatsApp 2.18.223 fab-photo INFO select photo
2018-12-07 10:05:41 WhatsApp 2.18.223 fab-photo INFO click send button
2018-12-07 10:05:54 WhatsApp 2.18.223 fab-photo INFO stop the application
2018-12-07 10:05:57 WhatsApp 2.18.223 fab-photo INFO remove an app from the recent list
2018-12-07 10:05:59 WhatsApp 2.18.223 fab-photo INFO return HOME
2018-12-07 10:16:15 WhatsApp 2.18.223 fab-photo INFO open application
2018-12-07 10:16:31 WhatsApp 2.18.223 fab-photo INFO click fab
2018-12-07 10:16:38 WhatsApp 2.18.223 fab-photo INFO select first contact
2018-12-07 10:16:45 WhatsApp 2.18.223 fab-photo INFO click attachment button
2018-12-07 10:16:51 WhatsApp 2.18.223 fab-photo INFO click Gallery
2018-12-07 10:16:57 WhatsApp 2.18.223 fab-photo INFO click Camera folder
2018-12-07 10:17:02 WhatsApp 2.18.223 fab-photo INFO select photo
2018-12-07 10:17:27 WhatsApp 2.18.223 fab-photo INFO click send button
2018-12-07 10:17:40 WhatsApp 2.18.223 fab-photo INFO stop the application
2018-12-07 10:17:43 WhatsApp 2.18.223 fab-photo INFO remove an app from the recent list
2018-12-07 10:17:45 WhatsApp 2.18.223 fab-photo INFO return HOME
2018-12-07 10:28:47 WhatsApp 2.18.223 fab-photo INFO open application
2018-12-07 10:29:03 WhatsApp 2.18.223 fab-photo INFO click fab
2018-12-07 10:29:10 WhatsApp 2.18.223 fab-photo INFO select first contact
2018-12-07 10:29:18 WhatsApp 2.18.223 fab-photo INFO click attachment button
2018-12-07 10:29:24 WhatsApp 2.18.223 fab-photo INFO click Gallery
2018-12-07 10:29:29 WhatsApp 2.18.223 fab-photo INFO click Camera folder
2018-12-07 10:29:35 WhatsApp 2.18.223 fab-photo INFO select photo
2018-12-07 10:30:00 WhatsApp 2.18.223 fab-photo INFO click send button
2018-12-07 10:30:13 WhatsApp 2.18.223 fab-photo INFO stop the application
2018-12-07 10:30:16 WhatsApp 2.18.223 fab-photo INFO remove an app from the recent list
2018-12-07 10:30:18 WhatsApp 2.18.223 fab-photo INFO return HOME
2018-12-07 10:39:38 WhatsApp 2.18.223 fab-photo INFO open application
2018-12-07 10:39:53 WhatsApp 2.18.223 fab-photo INFO click fab
2018-12-07 10:40:00 WhatsApp 2.18.223 fab-photo INFO select first contact
2018-12-07 10:40:08 WhatsApp 2.18.223 fab-photo INFO click attachment button
2018-12-07 10:40:14 WhatsApp 2.18.223 fab-photo INFO click Gallery
2018-12-07 10:40:19 WhatsApp 2.18.223 fab-photo INFO click Camera folder
2018-12-07 10:40:24 WhatsApp 2.18.223 fab-photo INFO select photo
2018-12-07 10:40:50 WhatsApp 2.18.223 fab-photo INFO click send button
2018-12-07 10:41:03 WhatsApp 2.18.223 fab-photo INFO stop the application
2018-12-07 10:41:06 WhatsApp 2.18.223 fab-photo INFO remove an app from the recent list
2018-12-07 10:41:08 WhatsApp 2.18.223 fab-photo INFO return HOME
2018-12-07 10:52:01 WhatsApp 2.18.223 fab-photo INFO open application
2018-12-07 10:52:16 WhatsApp 2.18.223 fab-photo INFO click fab
2018-12-07 10:52:24 WhatsApp 2.18.223 fab-photo INFO select first contact
2018-12-07 10:52:32 WhatsApp 2.18.223 fab-photo INFO click attachment button
2018-12-07 10:52:37 WhatsApp 2.18.223 fab-photo INFO click Gallery
2018-12-07 10:52:43 WhatsApp 2.18.223 fab-photo INFO click Camera folder
2018-12-07 10:52:48 WhatsApp 2.18.223 fab-photo INFO select photo
2018-12-07 10:53:13 WhatsApp 2.18.223 fab-photo INFO click send button
2018-12-07 10:53:26 WhatsApp 2.18.223 fab-photo INFO stop the application
2018-12-07 10:53:30 WhatsApp 2.18.223 fab-photo INFO remove an app from the recent list
2018-12-07 10:53:31 WhatsApp 2.18.223 fab-photo INFO return HOME
2018-12-07 11:05:05 WhatsApp 2.18.223 fab-photo INFO open application
2018-12-07 11:05:20 WhatsApp 2.18.223 fab-photo INFO click fab
2018-12-07 11:05:29 WhatsApp 2.18.223 fab-photo INFO select first contact
2018-12-07 11:05:36 WhatsApp 2.18.223 fab-photo INFO click attachment button
2018-12-07 11:05:42 WhatsApp 2.18.223 fab-photo INFO click Gallery
2018-12-07 11:05:47 WhatsApp 2.18.223 fab-photo INFO click Camera folder
2018-12-07 11:05:52 WhatsApp 2.18.223 fab-photo INFO select photo
2018-12-07 11:06:18 WhatsApp 2.18.223 fab-photo INFO click send button
2018-12-07 11:06:31 WhatsApp 2.18.223 fab-photo INFO stop the application
2018-12-07 11:06:34 WhatsApp 2.18.223 fab-photo INFO remove an app from the recent list
2018-12-07 11:06:36 WhatsApp 2.18.223 fab-photo INFO return HOME
2018-12-07 11:17:38 WhatsApp 2.18.223 fab-photo INFO open application
2018-12-07 11:17:53 WhatsApp 2.18.223 fab-photo INFO click fab
2018-12-07 11:18:01 WhatsApp 2.18.223 fab-photo INFO select first contact
2018-12-07 11:18:08 WhatsApp 2.18.223 fab-photo INFO click attachment button
2018-12-07 11:18:14 WhatsApp 2.18.223 fab-photo INFO click Gallery
2018-12-07 11:18:19 WhatsApp 2.18.223 fab-photo INFO click Camera folder
2018-12-07 11:18:24 WhatsApp 2.18.223 fab-photo INFO select photo
2018-12-07 11:18:50 WhatsApp 2.18.223 fab-photo INFO click send button
2018-12-07 11:19:03 WhatsApp 2.18.223 fab-photo INFO stop the application
2018-12-07 11:19:06 WhatsApp 2.18.223 fab-photo INFO remove an app from the recent list
2018-12-07 11:19:08 WhatsApp 2.18.223 fab-photo INFO return HOME
2018-12-07 14:10:13 WhatsApp 2.18.327 conversation-send-message INFO open application
2018-12-07 14:10:26 WhatsApp 2.18.327 conversation-send-message INFO click first conversation
2018-12-07 14:10:29 WhatsApp 2.18.327 conversation-send-message INFO click entry
2018-12-07 14:10:29 WhatsApp 2.18.327 conversation-send-message INFO type message
2018-12-07 14:10:32 WhatsApp 2.18.327 conversation-send-message INFO send message
2018-12-07 14:10:36 WhatsApp 2.18.327 conversation-send-message INFO stop the application
2018-12-07 14:10:37 WhatsApp 2.18.327 conversation-send-message INFO remove an app from the recent list
2018-12-07 14:10:37 WhatsApp 2.18.327 conversation-send-message INFO return HOME
2018-12-07 14:10:49 WhatsApp 2.18.223 receive-message INFO open application
2018-12-07 14:10:53 WhatsApp 2.18.223 receive-message INFO click new message received conversation
2018-12-07 14:10:56 WhatsApp 2.18.223 receive-message INFO last received message is a text
2018-12-07 14:10:57 WhatsApp 2.18.223 receive-message INFO navigate to main screen
2018-12-07 14:11:01 WhatsApp 2.18.223 receive-message INFO stop the application
2018-12-07 14:11:03 WhatsApp 2.18.223 receive-message INFO remove an app from the recent list
2018-12-07 14:11:04 WhatsApp 2.18.223 receive-message INFO return HOME
2018-12-07 14:21:21 WhatsApp 2.18.327 conversation-send-message INFO open application
2018-12-07 14:21:34 WhatsApp 2.18.327 conversation-send-message INFO click first conversation
2018-12-07 14:21:37 WhatsApp 2.18.327 conversation-send-message INFO click entry
2018-12-07 14:21:37 WhatsApp 2.18.327 conversation-send-message INFO type message
2018-12-07 14:21:40 WhatsApp 2.18.327 conversation-send-message INFO send message
2018-12-07 14:21:44 WhatsApp 2.18.327 conversation-send-message INFO stop the application
2018-12-07 14:21:45 WhatsApp 2.18.327 conversation-send-message INFO remove an app from the recent list
2018-12-07 14:21:45 WhatsApp 2.18.327 conversation-send-message INFO return HOME
2018-12-07 14:21:57 WhatsApp 2.18.223 receive-message INFO open application
2018-12-07 14:22:02 WhatsApp 2.18.223 receive-message INFO click new message received conversation
2018-12-07 14:22:06 WhatsApp 2.18.223 receive-message INFO last received message is a text
2018-12-07 14:22:07 WhatsApp 2.18.223 receive-message INFO navigate to main screen
2018-12-07 14:22:10 WhatsApp 2.18.223 receive-message INFO stop the application
2018-12-07 14:22:13 WhatsApp 2.18.223 receive-message INFO remove an app from the recent list
2018-12-07 14:22:14 WhatsApp 2.18.223 receive-message INFO return HOME
2018-12-07 15:22:01 WhatsApp 2.18.327 conversation-send-message INFO open application
2018-12-07 15:22:14 WhatsApp 2.18.327 conversation-send-message INFO click first conversation
2018-12-07 15:22:18 WhatsApp 2.18.327 conversation-send-message INFO click entry
2018-12-07 15:22:20 WhatsApp 2.18.327 conversation-send-message INFO type message
2018-12-07 15:22:23 WhatsApp 2.18.327 conversation-send-message INFO send message
2018-12-07 15:22:26 WhatsApp 2.18.327 conversation-send-message INFO stop the application
2018-12-07 15:22:28 WhatsApp 2.18.327 conversation-send-message INFO remove an app from the recent list
2018-12-07 15:22:29 WhatsApp 2.18.327 conversation-send-message INFO return HOME
2018-12-07 15:22:43 WhatsApp 2.18.223 receive-message INFO open application
2018-12-07 15:22:48 WhatsApp 2.18.223 receive-message INFO click new message received conversation
2018-12-07 15:22:52 WhatsApp 2.18.223 receive-message INFO last received message is a text
2018-12-07 15:22:53 WhatsApp 2.18.223 receive-message INFO navigate to main screen
2018-12-07 15:22:57 WhatsApp 2.18.223 receive-message INFO stop the application
2018-12-07 15:23:00 WhatsApp 2.18.223 receive-message INFO remove an app from the recent list
2018-12-07 15:23:01 WhatsApp 2.18.223 receive-message INFO return HOME
2018-12-07 15:33:36 WhatsApp 2.18.327 conversation-send-message INFO open application
2018-12-07 15:33:49 WhatsApp 2.18.327 conversation-send-message INFO click first conversation
2018-12-07 15:33:52 WhatsApp 2.18.327 conversation-send-message INFO click entry
2018-12-07 15:33:54 WhatsApp 2.18.327 conversation-send-message INFO type message
2018-12-07 15:33:57 WhatsApp 2.18.327 conversation-send-message INFO send message
2018-12-07 15:34:00 WhatsApp 2.18.327 conversation-send-message INFO stop the application
2018-12-07 15:34:01 WhatsApp 2.18.327 conversation-send-message INFO remove an app from the recent list
2018-12-07 15:34:02 WhatsApp 2.18.327 conversation-send-message INFO return HOME
2018-12-07 15:34:13 WhatsApp 2.18.223 receive-message INFO open application
2018-12-07 15:34:18 WhatsApp 2.18.223 receive-message INFO click new message received conversation
2018-12-07 15:34:22 WhatsApp 2.18.223 receive-message INFO last received message is a text
2018-12-07 15:34:24 WhatsApp 2.18.223 receive-message INFO navigate to main screen
2018-12-07 15:34:27 WhatsApp 2.18.223 receive-message INFO stop the application
2018-12-07 15:34:30 WhatsApp 2.18.223 receive-message INFO remove an app from the recent list
2018-12-07 15:34:32 WhatsApp 2.18.223 receive-message INFO return HOME
2018-12-07 15:44:42 WhatsApp 2.18.327 conversation-send-message INFO open application
2018-12-07 15:44:56 WhatsApp 2.18.327 conversation-send-message INFO click first conversation
2018-12-07 15:45:01 WhatsApp 2.18.327 conversation-send-message INFO click entry
2018-12-07 15:45:01 WhatsApp 2.18.327 conversation-send-message INFO type message
2018-12-07 15:45:04 WhatsApp 2.18.327 conversation-send-message INFO send message
2018-12-07 15:45:08 WhatsApp 2.18.327 conversation-send-message INFO stop the application
2018-12-07 15:45:09 WhatsApp 2.18.327 conversation-send-message INFO remove an app from the recent list
2018-12-07 15:45:09 WhatsApp 2.18.327 conversation-send-message INFO return HOME
2018-12-07 15:45:21 WhatsApp 2.18.223 receive-message INFO open application
2018-12-07 15:45:26 WhatsApp 2.18.223 receive-message INFO click new message received conversation
2018-12-07 15:45:29 WhatsApp 2.18.223 receive-message INFO last received message is a text
2018-12-07 15:45:31 WhatsApp 2.18.223 receive-message INFO navigate to main screen
2018-12-07 15:45:35 WhatsApp 2.18.223 receive-message INFO stop the application
2018-12-07 15:45:38 WhatsApp 2.18.223 receive-message INFO remove an app from the recent list
2018-12-07 15:45:39 WhatsApp 2.18.223 receive-message INFO return HOME
2018-12-07 15:55:58 WhatsApp 2.18.327 conversation-send-message INFO open application
2018-12-07 15:56:11 WhatsApp 2.18.327 conversation-send-message INFO click first conversation
2018-12-07 15:56:14 WhatsApp 2.18.327 conversation-send-message INFO click entry
2018-12-07 15:56:15 WhatsApp 2.18.327 conversation-send-message INFO type message
2018-12-07 15:56:18 WhatsApp 2.18.327 conversation-send-message INFO send message
2018-12-07 15:56:21 WhatsApp 2.18.327 conversation-send-message INFO stop the application
2018-12-07 15:56:22 WhatsApp 2.18.327 conversation-send-message INFO remove an app from the recent list
2018-12-07 15:56:23 WhatsApp 2.18.327 conversation-send-message INFO return HOME
2018-12-07 15:56:34 WhatsApp 2.18.223 receive-message INFO open application
2018-12-07 15:56:39 WhatsApp 2.18.223 receive-message INFO click new message received conversation
2018-12-07 15:56:43 WhatsApp 2.18.223 receive-message INFO last received message is a text
2018-12-07 15:56:45 WhatsApp 2.18.223 receive-message INFO navigate to main screen
2018-12-07 15:56:48 WhatsApp 2.18.223 receive-message INFO stop the application
2018-12-07 15:56:52 WhatsApp 2.18.223 receive-message INFO remove an app from the recent list
2018-12-07 15:56:53 WhatsApp 2.18.223 receive-message INFO return HOME
2018-12-07 16:07:08 WhatsApp 2.18.327 conversation-send-message INFO open application
2018-12-07 16:07:21 WhatsApp 2.18.327 conversation-send-message INFO click first conversation
2018-12-07 16:07:24 WhatsApp 2.18.327 conversation-send-message INFO click entry
2018-12-07 16:07:25 WhatsApp 2.18.327 conversation-send-message INFO type message
2018-12-07 16:07:27 WhatsApp 2.18.327 conversation-send-message INFO send message
2018-12-07 16:07:31 WhatsApp 2.18.327 conversation-send-message INFO stop the application
2018-12-07 16:07:32 WhatsApp 2.18.327 conversation-send-message INFO remove an app from the recent list
2018-12-07 16:07:33 WhatsApp 2.18.327 conversation-send-message INFO return HOME
2018-12-07 16:07:44 WhatsApp 2.18.223 receive-message INFO open application
2018-12-07 16:07:49 WhatsApp 2.18.223 receive-message INFO click new message received conversation
2018-12-07 16:07:53 WhatsApp 2.18.223 receive-message INFO last received message is a text
2018-12-07 16:07:55 WhatsApp 2.18.223 receive-message INFO navigate to main screen
2018-12-07 16:07:59 WhatsApp 2.18.223 receive-message INFO stop the application
2018-12-07 16:08:02 WhatsApp 2.18.223 receive-message INFO remove an app from the recent list
2018-12-07 16:08:03 WhatsApp 2.18.223 receive-message INFO return HOME
2018-12-07 16:18:33 WhatsApp 2.18.327 conversation-send-message INFO open application
2018-12-07 16:18:46 WhatsApp 2.18.327 conversation-send-message INFO click first conversation
2018-12-07 16:18:50 WhatsApp 2.18.327 conversation-send-message INFO click entry
2018-12-07 16:18:51 WhatsApp 2.18.327 conversation-send-message INFO type message
2018-12-07 16:18:53 WhatsApp 2.18.327 conversation-send-message INFO send message
2018-12-07 16:18:57 WhatsApp 2.18.327 conversation-send-message INFO stop the application
2018-12-07 16:18:58 WhatsApp 2.18.327 conversation-send-message INFO remove an app from the recent list
2018-12-07 16:18:58 WhatsApp 2.18.327 conversation-send-message INFO return HOME
2018-12-07 16:19:10 WhatsApp 2.18.223 receive-message INFO open application
2018-12-07 16:19:15 WhatsApp 2.18.223 receive-message INFO click new message received conversation
2018-12-07 16:19:19 WhatsApp 2.18.223 receive-message INFO last received message is a text
2018-12-07 16:19:21 WhatsApp 2.18.223 receive-message INFO navigate to main screen
2018-12-07 16:19:24 WhatsApp 2.18.223 receive-message INFO stop the application
2018-12-07 16:19:27 WhatsApp 2.18.223 receive-message INFO remove an app from the recent list
2018-12-07 16:19:29 WhatsApp 2.18.223 receive-message INFO return HOME
2018-12-07 16:39:56 WhatsApp 2.18.327 conversation-send-message INFO open application
2018-12-07 16:40:09 WhatsApp 2.18.327 conversation-send-message INFO click first conversation
2018-12-07 16:40:12 WhatsApp 2.18.327 conversation-send-message INFO click entry
2018-12-07 16:40:12 WhatsApp 2.18.327 conversation-send-message INFO type message
2018-12-07 16:40:15 WhatsApp 2.18.327 conversation-send-message INFO send message
2018-12-07 16:40:18 WhatsApp 2.18.327 conversation-send-message INFO stop the application
2018-12-07 16:40:20 WhatsApp 2.18.327 conversation-send-message INFO remove an app from the recent list
2018-12-07 16:40:20 WhatsApp 2.18.327 conversation-send-message INFO return HOME
2018-12-07 16:40:31 WhatsApp 2.18.223 receive-message INFO open application
2018-12-07 16:40:36 WhatsApp 2.18.223 receive-message INFO click new message received conversation
2018-12-07 16:40:40 WhatsApp 2.18.223 receive-message INFO last received message is a text
2018-12-07 16:40:41 WhatsApp 2.18.223 receive-message INFO navigate to main screen
2018-12-07 16:40:45 WhatsApp 2.18.223 receive-message INFO stop the application
2018-12-07 16:40:48 WhatsApp 2.18.223 receive-message INFO remove an app from the recent list
2018-12-07 16:40:49 WhatsApp 2.18.223 receive-message INFO return HOME
2018-12-07 16:51:10 WhatsApp 2.18.327 conversation-send-message INFO open application
2018-12-07 16:51:23 WhatsApp 2.18.327 conversation-send-message INFO click first conversation
2018-12-07 16:51:26 WhatsApp 2.18.327 conversation-send-message INFO click entry
2018-12-07 16:51:27 WhatsApp 2.18.327 conversation-send-message INFO type message
2018-12-07 16:51:30 WhatsApp 2.18.327 conversation-send-message INFO send message
2018-12-07 16:51:33 WhatsApp 2.18.327 conversation-send-message INFO stop the application
2018-12-07 16:51:34 WhatsApp 2.18.327 conversation-send-message INFO remove an app from the recent list
2018-12-07 16:51:35 WhatsApp 2.18.327 conversation-send-message INFO return HOME
2018-12-07 16:51:46 WhatsApp 2.18.223 receive-message INFO open application
2018-12-07 16:51:51 WhatsApp 2.18.223 receive-message INFO click new message received conversation
2018-12-07 16:51:55 WhatsApp 2.18.223 receive-message INFO last received message is a text
2018-12-07 16:51:57 WhatsApp 2.18.223 receive-message INFO navigate to main screen
2018-12-07 16:52:00 WhatsApp 2.18.223 receive-message INFO stop the application
2018-12-07 16:52:03 WhatsApp 2.18.223 receive-message INFO remove an app from the recent list
2018-12-07 16:52:05 WhatsApp 2.18.223 receive-message INFO return HOME
2018-12-07 17:10:44 WhatsApp 2.18.327 conversation-send-photo INFO open application
2018-12-07 17:10:47 WhatsApp 2.18.327 conversation-send-photo INFO click first conversation
2018-12-07 17:10:50 WhatsApp 2.18.327 conversation-send-photo INFO click attachment button
2018-12-07 17:10:52 WhatsApp 2.18.327 conversation-send-photo INFO click Gallery
2018-12-07 17:10:55 WhatsApp 2.18.327 conversation-send-photo INFO click Camera folder
2018-12-07 17:10:58 WhatsApp 2.18.327 conversation-send-photo INFO select photo
2018-12-07 17:11:15 WhatsApp 2.18.327 conversation-send-photo INFO click send button
2018-12-07 17:11:29 WhatsApp 2.18.327 conversation-send-photo INFO stop the application
2018-12-07 17:11:30 WhatsApp 2.18.327 conversation-send-photo INFO remove an app from the recent list
2018-12-07 17:11:30 WhatsApp 2.18.327 conversation-send-photo INFO return HOME
2018-12-07 17:11:42 WhatsApp 2.18.223 receive-message INFO open application
2018-12-07 17:11:47 WhatsApp 2.18.223 receive-message INFO click new message received conversation
2018-12-07 17:11:50 WhatsApp 2.18.223 receive-message INFO last received message is a photo
2018-12-07 17:11:52 WhatsApp 2.18.223 receive-message INFO navigate to main screen
2018-12-07 17:11:56 WhatsApp 2.18.223 receive-message INFO stop the application
2018-12-07 17:11:59 WhatsApp 2.18.223 receive-message INFO remove an app from the recent list
2018-12-07 17:12:00 WhatsApp 2.18.223 receive-message INFO return HOME
2018-12-07 17:22:00 WhatsApp 2.18.327 conversation-send-photo INFO open application
2018-12-07 17:22:02 WhatsApp 2.18.327 conversation-send-photo INFO click first conversation
2018-12-07 17:22:05 WhatsApp 2.18.327 conversation-send-photo INFO click attachment button
2018-12-07 17:22:08 WhatsApp 2.18.327 conversation-send-photo INFO click Gallery
2018-12-07 17:22:11 WhatsApp 2.18.327 conversation-send-photo INFO click Camera folder
2018-12-07 17:22:13 WhatsApp 2.18.327 conversation-send-photo INFO select photo
2018-12-07 17:22:31 WhatsApp 2.18.327 conversation-send-photo INFO click send button
2018-12-07 17:22:44 WhatsApp 2.18.327 conversation-send-photo INFO stop the application
2018-12-07 17:22:46 WhatsApp 2.18.327 conversation-send-photo INFO remove an app from the recent list
2018-12-07 17:22:46 WhatsApp 2.18.327 conversation-send-photo INFO return HOME
2018-12-07 17:22:58 WhatsApp 2.18.223 receive-message INFO open application
2018-12-07 17:23:03 WhatsApp 2.18.223 receive-message INFO click new message received conversation
2018-12-07 17:23:06 WhatsApp 2.18.223 receive-message INFO last received message is a photo
2018-12-07 17:23:08 WhatsApp 2.18.223 receive-message INFO navigate to main screen
2018-12-07 17:23:12 WhatsApp 2.18.223 receive-message INFO stop the application
2018-12-07 17:23:15 WhatsApp 2.18.223 receive-message INFO remove an app from the recent list
2018-12-07 17:23:16 WhatsApp 2.18.223 receive-message INFO return HOME
2018-12-07 17:41:50 WhatsApp 2.18.327 conversation-send-photo INFO open application
2018-12-07 17:41:54 WhatsApp 2.18.327 conversation-send-photo INFO click first conversation
2018-12-07 17:41:57 WhatsApp 2.18.327 conversation-send-photo INFO click attachment button
2018-12-07 17:42:00 WhatsApp 2.18.327 conversation-send-photo INFO click Gallery
2018-12-07 17:42:02 WhatsApp 2.18.327 conversation-send-photo INFO click Camera folder
2018-12-07 17:42:05 WhatsApp 2.18.327 conversation-send-photo INFO select photo
2018-12-07 17:42:23 WhatsApp 2.18.327 conversation-send-photo INFO click send button
2018-12-07 17:42:36 WhatsApp 2.18.327 conversation-send-photo INFO stop the application
2018-12-07 17:42:37 WhatsApp 2.18.327 conversation-send-photo INFO remove an app from the recent list
2018-12-07 17:42:38 WhatsApp 2.18.327 conversation-send-photo INFO return HOME
2018-12-07 17:42:50 WhatsApp 2.18.223 receive-message INFO open application
2018-12-07 17:42:55 WhatsApp 2.18.223 receive-message INFO click new message received conversation
2018-12-07 17:42:58 WhatsApp 2.18.223 receive-message INFO last received message is a photo
2018-12-07 17:43:00 WhatsApp 2.18.223 receive-message INFO navigate to main screen
2018-12-07 17:43:04 WhatsApp 2.18.223 receive-message INFO stop the application
2018-12-07 17:43:07 WhatsApp 2.18.223 receive-message INFO remove an app from the recent list
2018-12-07 17:43:08 WhatsApp 2.18.223 receive-message INFO return HOME
2018-12-07 17:53:25 WhatsApp 2.18.327 conversation-send-photo INFO open application
2018-12-07 17:53:29 WhatsApp 2.18.327 conversation-send-photo INFO click first conversation
2018-12-07 17:53:32 WhatsApp 2.18.327 conversation-send-photo INFO click attachment button
2018-12-07 17:53:35 WhatsApp 2.18.327 conversation-send-photo INFO click Gallery
2018-12-07 17:53:37 WhatsApp 2.18.327 conversation-send-photo INFO click Camera folder
2018-12-07 17:53:40 WhatsApp 2.18.327 conversation-send-photo INFO select photo
2018-12-07 17:53:57 WhatsApp 2.18.327 conversation-send-photo INFO click send button
2018-12-07 17:54:11 WhatsApp 2.18.327 conversation-send-photo INFO stop the application
2018-12-07 17:54:12 WhatsApp 2.18.327 conversation-send-photo INFO remove an app from the recent list
2018-12-07 17:54:12 WhatsApp 2.18.327 conversation-send-photo INFO return HOME
2018-12-07 17:54:24 WhatsApp 2.18.223 receive-message INFO open application
2018-12-07 17:54:29 WhatsApp 2.18.223 receive-message INFO click new message received conversation
2018-12-07 17:54:32 WhatsApp 2.18.223 receive-message INFO last received message is a photo
2018-12-07 17:54:34 WhatsApp 2.18.223 receive-message INFO navigate to main screen
2018-12-07 17:54:38 WhatsApp 2.18.223 receive-message INFO stop the application
2018-12-07 17:54:41 WhatsApp 2.18.223 receive-message INFO remove an app from the recent list
2018-12-07 17:54:42 WhatsApp 2.18.223 receive-message INFO return HOME
2018-12-07 18:04:57 WhatsApp 2.18.327 conversation-send-photo INFO open application
2018-12-07 18:05:00 WhatsApp 2.18.327 conversation-send-photo INFO click first conversation
2018-12-07 18:05:03 WhatsApp 2.18.327 conversation-send-photo INFO click attachment button
2018-12-07 18:05:06 WhatsApp 2.18.327 conversation-send-photo INFO click Gallery
2018-12-07 18:05:08 WhatsApp 2.18.327 conversation-send-photo INFO click Camera folder
2018-12-07 18:05:11 WhatsApp 2.18.327 conversation-send-photo INFO select photo
2018-12-07 18:05:28 WhatsApp 2.18.327 conversation-send-photo INFO click send button
2018-12-07 18:05:42 WhatsApp 2.18.327 conversation-send-photo INFO stop the application
2018-12-07 18:05:43 WhatsApp 2.18.327 conversation-send-photo INFO remove an app from the recent list
2018-12-07 18:05:43 WhatsApp 2.18.327 conversation-send-photo INFO return HOME
2018-12-07 18:05:54 WhatsApp 2.18.223 receive-message INFO open application
2018-12-07 18:05:59 WhatsApp 2.18.223 receive-message INFO click new message received conversation
2018-12-07 18:06:03 WhatsApp 2.18.223 receive-message INFO last received message is a photo
2018-12-07 18:06:05 WhatsApp 2.18.223 receive-message INFO navigate to main screen
2018-12-07 18:06:08 WhatsApp 2.18.223 receive-message INFO stop the application
2018-12-07 18:06:11 WhatsApp 2.18.223 receive-message INFO remove an app from the recent list
2018-12-07 18:06:13 WhatsApp 2.18.223 receive-message INFO return HOME
2018-12-07 18:16:24 WhatsApp 2.18.327 conversation-send-photo INFO open application
2018-12-07 18:16:27 WhatsApp 2.18.327 conversation-send-photo INFO click first conversation
2018-12-07 18:16:30 WhatsApp 2.18.327 conversation-send-photo INFO click attachment button
2018-12-07 18:16:33 WhatsApp 2.18.327 conversation-send-photo INFO click Gallery
2018-12-07 18:16:35 WhatsApp 2.18.327 conversation-send-photo INFO click Camera folder
2018-12-07 18:16:38 WhatsApp 2.18.327 conversation-send-photo INFO select photo
2018-12-07 18:16:56 WhatsApp 2.18.327 conversation-send-photo INFO click send button
2018-12-07 18:17:09 WhatsApp 2.18.327 conversation-send-photo INFO stop the application
2018-12-07 18:17:10 WhatsApp 2.18.327 conversation-send-photo INFO remove an app from the recent list
2018-12-07 18:17:11 WhatsApp 2.18.327 conversation-send-photo INFO return HOME
2018-12-07 18:17:22 WhatsApp 2.18.223 receive-message INFO open application
2018-12-07 18:17:27 WhatsApp 2.18.223 receive-message INFO click new message received conversation
2018-12-07 18:17:31 WhatsApp 2.18.223 receive-message INFO last received message is a photo
2018-12-07 18:17:32 WhatsApp 2.18.223 receive-message INFO navigate to main screen
2018-12-07 18:17:36 WhatsApp 2.18.223 receive-message INFO stop the application
2018-12-07 18:17:39 WhatsApp 2.18.223 receive-message INFO remove an app from the recent list
2018-12-07 18:17:41 WhatsApp 2.18.223 receive-message INFO return HOME
2018-12-07 18:27:42 WhatsApp 2.18.327 conversation-send-photo INFO open application
2018-12-07 18:27:45 WhatsApp 2.18.327 conversation-send-photo INFO click first conversation
2018-12-07 18:27:48 WhatsApp 2.18.327 conversation-send-photo INFO click attachment button
2018-12-07 18:27:50 WhatsApp 2.18.327 conversation-send-photo INFO click Gallery
2018-12-07 18:27:53 WhatsApp 2.18.327 conversation-send-photo INFO click Camera folder
2018-12-07 18:27:56 WhatsApp 2.18.327 conversation-send-photo INFO select photo
2018-12-07 18:28:13 WhatsApp 2.18.327 conversation-send-photo INFO click send button
2018-12-07 18:28:27 WhatsApp 2.18.327 conversation-send-photo INFO stop the application
2018-12-07 18:28:28 WhatsApp 2.18.327 conversation-send-photo INFO remove an app from the recent list
2018-12-07 18:28:29 WhatsApp 2.18.327 conversation-send-photo INFO return HOME
2018-12-07 18:28:39 WhatsApp 2.18.223 receive-message INFO open application
2018-12-07 18:28:44 WhatsApp 2.18.223 receive-message INFO click new message received conversation
2018-12-07 18:28:48 WhatsApp 2.18.223 receive-message INFO last received message is a photo
2018-12-07 18:28:50 WhatsApp 2.18.223 receive-message INFO navigate to main screen
2018-12-07 18:28:54 WhatsApp 2.18.223 receive-message INFO stop the application
2018-12-07 18:28:57 WhatsApp 2.18.223 receive-message INFO remove an app from the recent list
2018-12-07 18:28:58 WhatsApp 2.18.223 receive-message INFO return HOME
2018-12-07 18:38:58 WhatsApp 2.18.327 conversation-send-photo INFO open application
2018-12-07 18:39:01 WhatsApp 2.18.327 conversation-send-photo INFO click first conversation
2018-12-07 18:39:04 WhatsApp 2.18.327 conversation-send-photo INFO click attachment button
2018-12-07 18:39:07 WhatsApp 2.18.327 conversation-send-photo INFO click Gallery
2018-12-07 18:39:10 WhatsApp 2.18.327 conversation-send-photo INFO click Camera folder
2018-12-07 18:39:12 WhatsApp 2.18.327 conversation-send-photo INFO select photo
2018-12-07 18:39:30 WhatsApp 2.18.327 conversation-send-photo INFO click send button
2018-12-07 18:39:43 WhatsApp 2.18.327 conversation-send-photo INFO stop the application
2018-12-07 18:39:44 WhatsApp 2.18.327 conversation-send-photo INFO remove an app from the recent list
2018-12-07 18:39:45 WhatsApp 2.18.327 conversation-send-photo INFO return HOME
2018-12-07 18:39:56 WhatsApp 2.18.223 receive-message INFO open application
2018-12-07 18:40:01 WhatsApp 2.18.223 receive-message INFO click new message received conversation
2018-12-07 18:40:04 WhatsApp 2.18.223 receive-message INFO last received message is a photo
2018-12-07 18:40:06 WhatsApp 2.18.223 receive-message INFO navigate to main screen
2018-12-07 18:40:10 WhatsApp 2.18.223 receive-message INFO stop the application
2018-12-07 18:40:13 WhatsApp 2.18.223 receive-message INFO remove an app from the recent list
2018-12-07 18:40:14 WhatsApp 2.18.223 receive-message INFO return HOME
2018-12-07 18:50:21 WhatsApp 2.18.327 conversation-send-photo INFO open application
2018-12-07 18:50:24 WhatsApp 2.18.327 conversation-send-photo INFO click first conversation
2018-12-07 18:50:27 WhatsApp 2.18.327 conversation-send-photo INFO click attachment button
2018-12-07 18:50:30 WhatsApp 2.18.327 conversation-send-photo INFO click Gallery
2018-12-07 18:50:33 WhatsApp 2.18.327 conversation-send-photo INFO click Camera folder
2018-12-07 18:50:35 WhatsApp 2.18.327 conversation-send-photo INFO select photo
2018-12-07 18:50:53 WhatsApp 2.18.327 conversation-send-photo INFO click send button
2018-12-07 18:51:06 WhatsApp 2.18.327 conversation-send-photo INFO stop the application
2018-12-07 18:51:07 WhatsApp 2.18.327 conversation-send-photo INFO remove an app from the recent list
2018-12-07 18:51:08 WhatsApp 2.18.327 conversation-send-photo INFO return HOME
2018-12-07 18:51:19 WhatsApp 2.18.223 receive-message INFO open application
2018-12-07 18:51:24 WhatsApp 2.18.223 receive-message INFO click new message received conversation
2018-12-07 18:51:28 WhatsApp 2.18.223 receive-message INFO last received message is a photo
2018-12-07 18:51:29 WhatsApp 2.18.223 receive-message INFO navigate to main screen
2018-12-07 18:51:33 WhatsApp 2.18.223 receive-message INFO stop the application
2018-12-07 18:51:36 WhatsApp 2.18.223 receive-message INFO remove an app from the recent list
2018-12-07 18:51:38 WhatsApp 2.18.223 receive-message INFO return HOME
2018-12-07 19:01:44 WhatsApp 2.18.327 conversation-send-photo INFO open application
2018-12-07 19:01:47 WhatsApp 2.18.327 conversation-send-photo INFO click first conversation
2018-12-07 19:01:50 WhatsApp 2.18.327 conversation-send-photo INFO click attachment button
2018-12-07 19:01:53 WhatsApp 2.18.327 conversation-send-photo INFO click Gallery
2018-12-07 19:01:56 WhatsApp 2.18.327 conversation-send-photo INFO click Camera folder
2018-12-07 19:01:58 WhatsApp 2.18.327 conversation-send-photo INFO select photo
2018-12-07 19:02:16 WhatsApp 2.18.327 conversation-send-photo INFO click send button
2018-12-07 19:02:29 WhatsApp 2.18.327 conversation-send-photo INFO stop the application
2018-12-07 19:02:30 WhatsApp 2.18.327 conversation-send-photo INFO remove an app from the recent list
2018-12-07 19:02:31 WhatsApp 2.18.327 conversation-send-photo INFO return HOME
2018-12-07 19:02:42 WhatsApp 2.18.223 receive-message INFO open application
2018-12-07 19:02:47 WhatsApp 2.18.223 receive-message INFO click new message received conversation
2018-12-07 19:02:51 WhatsApp 2.18.223 receive-message INFO last received message is a photo
2018-12-07 19:02:52 WhatsApp 2.18.223 receive-message INFO navigate to main screen
2018-12-07 19:02:56 WhatsApp 2.18.223 receive-message INFO stop the application
2018-12-07 19:02:59 WhatsApp 2.18.223 receive-message INFO remove an app from the recent list
2018-12-07 19:03:01 WhatsApp 2.18.223 receive-message INFO return HOME
2018-12-07 19:21:56 WhatsApp 2.18.327 conversation-send-photo INFO open application
2018-12-07 19:21:59 WhatsApp 2.18.327 conversation-send-photo INFO click first conversation
2018-12-07 19:22:02 WhatsApp 2.18.327 conversation-send-photo INFO click attachment button
2018-12-07 19:22:04 WhatsApp 2.18.327 conversation-send-photo INFO click Gallery
2018-12-07 19:22:07 WhatsApp 2.18.327 conversation-send-photo INFO click Camera folder
2018-12-07 19:22:10 WhatsApp 2.18.327 conversation-send-photo INFO select photo
2018-12-07 19:22:27 WhatsApp 2.18.327 conversation-send-photo INFO click send button
2018-12-07 19:22:41 WhatsApp 2.18.327 conversation-send-photo INFO stop the application
2018-12-07 19:22:42 WhatsApp 2.18.327 conversation-send-photo INFO remove an app from the recent list
2018-12-07 19:22:42 WhatsApp 2.18.327 conversation-send-photo INFO return HOME
2018-12-07 19:22:56 WhatsApp 2.18.223 push-notification INFO open Navigation Bar
2018-12-07 19:23:00 WhatsApp 2.18.223 push-notification INFO A user received a new photo
2018-12-07 19:23:01 WhatsApp 2.18.223 push-notification INFO return HOME
2018-12-07 19:33:26 WhatsApp 2.18.327 conversation-send-photo INFO open application
2018-12-07 19:33:28 WhatsApp 2.18.327 conversation-send-photo INFO click first conversation
2018-12-07 19:33:31 WhatsApp 2.18.327 conversation-send-photo INFO click attachment button
2018-12-07 19:33:34 WhatsApp 2.18.327 conversation-send-photo INFO click Gallery
2018-12-07 19:33:37 WhatsApp 2.18.327 conversation-send-photo INFO click Camera folder
2018-12-07 19:33:39 WhatsApp 2.18.327 conversation-send-photo INFO select photo
2018-12-07 19:33:57 WhatsApp 2.18.327 conversation-send-photo INFO click send button
2018-12-07 19:34:10 WhatsApp 2.18.327 conversation-send-photo INFO stop the application
2018-12-07 19:34:12 WhatsApp 2.18.327 conversation-send-photo INFO remove an app from the recent list
2018-12-07 19:34:12 WhatsApp 2.18.327 conversation-send-photo INFO return HOME
2018-12-07 19:34:25 WhatsApp 2.18.223 push-notification INFO open Navigation Bar
2018-12-07 19:34:29 WhatsApp 2.18.223 push-notification INFO A user received a new photo
2018-12-07 19:34:31 WhatsApp 2.18.223 push-notification INFO return HOME
2018-12-07 19:53:47 WhatsApp 2.18.327 conversation-send-photo INFO open application
2018-12-07 19:53:51 WhatsApp 2.18.327 conversation-send-photo INFO click first conversation
2018-12-07 19:53:54 WhatsApp 2.18.327 conversation-send-photo INFO click attachment button
2018-12-07 19:53:56 WhatsApp 2.18.327 conversation-send-photo INFO click Gallery
2018-12-07 19:53:59 WhatsApp 2.18.327 conversation-send-photo INFO click Camera folder
2018-12-07 19:54:02 WhatsApp 2.18.327 conversation-send-photo INFO select photo
2018-12-07 19:54:19 WhatsApp 2.18.327 conversation-send-photo INFO click send button
2018-12-07 19:54:33 WhatsApp 2.18.327 conversation-send-photo INFO stop the application
2018-12-07 19:54:34 WhatsApp 2.18.327 conversation-send-photo INFO remove an app from the recent list
2018-12-07 19:54:35 WhatsApp 2.18.327 conversation-send-photo INFO return HOME
2018-12-07 19:54:48 WhatsApp 2.18.223 push-notification INFO open Navigation Bar
2018-12-07 19:54:52 WhatsApp 2.18.223 push-notification INFO A user received a new photo
2018-12-07 19:54:53 WhatsApp 2.18.223 push-notification INFO return HOME
2018-12-07 20:05:21 WhatsApp 2.18.327 conversation-send-photo INFO open application
2018-12-07 20:05:24 WhatsApp 2.18.327 conversation-send-photo INFO click first conversation
2018-12-07 20:05:27 WhatsApp 2.18.327 conversation-send-photo INFO click attachment button
2018-12-07 20:05:30 WhatsApp 2.18.327 conversation-send-photo INFO click Gallery
2018-12-07 20:05:32 WhatsApp 2.18.327 conversation-send-photo INFO click Camera folder
2018-12-07 20:05:35 WhatsApp 2.18.327 conversation-send-photo INFO select photo
2018-12-07 20:05:53 WhatsApp 2.18.327 conversation-send-photo INFO click send button
2018-12-07 20:06:06 WhatsApp 2.18.327 conversation-send-photo INFO stop the application
2018-12-07 20:06:07 WhatsApp 2.18.327 conversation-send-photo INFO remove an app from the recent list
2018-12-07 20:06:08 WhatsApp 2.18.327 conversation-send-photo INFO return HOME
2018-12-07 20:06:21 WhatsApp 2.18.223 push-notification INFO open Navigation Bar
2018-12-07 20:06:24 WhatsApp 2.18.223 push-notification INFO A user received a new photo
2018-12-07 20:06:26 WhatsApp 2.18.223 push-notification INFO return HOME
2018-12-07 20:16:58 WhatsApp 2.18.327 conversation-send-photo INFO open application
2018-12-07 20:17:00 WhatsApp 2.18.327 conversation-send-photo INFO click first conversation
2018-12-07 20:17:03 WhatsApp 2.18.327 conversation-send-photo INFO click attachment button
2018-12-07 20:17:06 WhatsApp 2.18.327 conversation-send-photo INFO click Gallery
2018-12-07 20:17:08 WhatsApp 2.18.327 conversation-send-photo INFO click Camera folder
2018-12-07 20:17:11 WhatsApp 2.18.327 conversation-send-photo INFO select photo
2018-12-07 20:17:29 WhatsApp 2.18.327 conversation-send-photo INFO click send button
2018-12-07 20:17:42 WhatsApp 2.18.327 conversation-send-photo INFO stop the application
2018-12-07 20:17:43 WhatsApp 2.18.327 conversation-send-photo INFO remove an app from the recent list
2018-12-07 20:17:44 WhatsApp 2.18.327 conversation-send-photo INFO return HOME
2018-12-07 20:17:57 WhatsApp 2.18.223 push-notification INFO open Navigation Bar
2018-12-07 20:18:01 WhatsApp 2.18.223 push-notification INFO A user received a new photo
2018-12-07 20:18:03 WhatsApp 2.18.223 push-notification INFO return HOME
2018-12-07 20:28:19 WhatsApp 2.18.327 conversation-send-photo INFO open application
2018-12-07 20:28:22 WhatsApp 2.18.327 conversation-send-photo INFO click first conversation
2018-12-07 20:28:25 WhatsApp 2.18.327 conversation-send-photo INFO click attachment button
2018-12-07 20:28:28 WhatsApp 2.18.327 conversation-send-photo INFO click Gallery
2018-12-07 20:28:30 WhatsApp 2.18.327 conversation-send-photo INFO click Camera folder
2018-12-07 20:28:33 WhatsApp 2.18.327 conversation-send-photo INFO select photo
2018-12-07 20:28:50 WhatsApp 2.18.327 conversation-send-photo INFO click send button
2018-12-07 20:29:04 WhatsApp 2.18.327 conversation-send-photo INFO stop the application
2018-12-07 20:29:05 WhatsApp 2.18.327 conversation-send-photo INFO remove an app from the recent list
2018-12-07 20:29:05 WhatsApp 2.18.327 conversation-send-photo INFO return HOME
2018-12-07 20:29:19 WhatsApp 2.18.223 push-notification INFO open Navigation Bar
2018-12-07 20:29:22 WhatsApp 2.18.223 push-notification INFO A user received a new photo
2018-12-07 20:29:24 WhatsApp 2.18.223 push-notification INFO return HOME
2018-12-07 20:39:45 WhatsApp 2.18.327 conversation-send-photo INFO open application
2018-12-07 20:39:48 WhatsApp 2.18.327 conversation-send-photo INFO click first conversation
2018-12-07 20:39:51 WhatsApp 2.18.327 conversation-send-photo INFO click attachment button
2018-12-07 20:39:54 WhatsApp 2.18.327 conversation-send-photo INFO click Gallery
2018-12-07 20:39:56 WhatsApp 2.18.327 conversation-send-photo INFO click Camera folder
2018-12-07 20:39:59 WhatsApp 2.18.327 conversation-send-photo INFO select photo
2018-12-07 20:40:16 WhatsApp 2.18.327 conversation-send-photo INFO click send button
2018-12-07 20:40:30 WhatsApp 2.18.327 conversation-send-photo INFO stop the application
2018-12-07 20:40:31 WhatsApp 2.18.327 conversation-send-photo INFO remove an app from the recent list
2018-12-07 20:40:31 WhatsApp 2.18.327 conversation-send-photo INFO return HOME
2018-12-07 20:40:45 WhatsApp 2.18.223 push-notification INFO open Navigation Bar
2018-12-07 20:40:48 WhatsApp 2.18.223 push-notification INFO A user received a new photo
2018-12-07 20:40:50 WhatsApp 2.18.223 push-notification INFO return HOME
2018-12-07 20:51:12 WhatsApp 2.18.327 conversation-send-photo INFO open application
2018-12-07 20:51:15 WhatsApp 2.18.327 conversation-send-photo INFO click first conversation
2018-12-07 20:51:18 WhatsApp 2.18.327 conversation-send-photo INFO click attachment button
2018-12-07 20:51:21 WhatsApp 2.18.327 conversation-send-photo INFO click Gallery
2018-12-07 20:51:24 WhatsApp 2.18.327 conversation-send-photo INFO click Camera folder
2018-12-07 20:51:26 WhatsApp 2.18.327 conversation-send-photo INFO select photo
2018-12-07 20:51:44 WhatsApp 2.18.327 conversation-send-photo INFO click send button
2018-12-07 20:51:57 WhatsApp 2.18.327 conversation-send-photo INFO stop the application
2018-12-07 20:51:58 WhatsApp 2.18.327 conversation-send-photo INFO remove an app from the recent list
2018-12-07 20:51:59 WhatsApp 2.18.327 conversation-send-photo INFO return HOME
2018-12-07 20:52:12 WhatsApp 2.18.223 push-notification INFO open Navigation Bar
2018-12-07 20:52:15 WhatsApp 2.18.223 push-notification INFO A user received a new photo
2018-12-07 20:52:17 WhatsApp 2.18.223 push-notification INFO return HOME
2018-12-07 21:02:35 WhatsApp 2.18.327 conversation-send-photo INFO open application
2018-12-07 21:02:38 WhatsApp 2.18.327 conversation-send-photo INFO click first conversation
2018-12-07 21:02:41 WhatsApp 2.18.327 conversation-send-photo INFO click attachment button
2018-12-07 21:02:43 WhatsApp 2.18.327 conversation-send-photo INFO click Gallery
2018-12-07 21:02:46 WhatsApp 2.18.327 conversation-send-photo INFO click Camera folder
2018-12-07 21:02:49 WhatsApp 2.18.327 conversation-send-photo INFO select photo
2018-12-07 21:03:06 WhatsApp 2.18.327 conversation-send-photo INFO click send button
2018-12-07 21:03:20 WhatsApp 2.18.327 conversation-send-photo INFO stop the application
2018-12-07 21:03:21 WhatsApp 2.18.327 conversation-send-photo INFO remove an app from the recent list
2018-12-07 21:03:22 WhatsApp 2.18.327 conversation-send-photo INFO return HOME
2018-12-07 21:03:35 WhatsApp 2.18.223 push-notification INFO open Navigation Bar
2018-12-07 21:03:39 WhatsApp 2.18.223 push-notification INFO A user received a new photo
2018-12-07 21:03:41 WhatsApp 2.18.223 push-notification INFO return HOME
2018-12-07 21:14:01 WhatsApp 2.18.327 conversation-send-photo INFO open application
2018-12-07 21:14:04 WhatsApp 2.18.327 conversation-send-photo INFO click first conversation
2018-12-07 21:14:06 WhatsApp 2.18.327 conversation-send-photo INFO click attachment button
2018-12-07 21:14:09 WhatsApp 2.18.327 conversation-send-photo INFO click Gallery
2018-12-07 21:14:12 WhatsApp 2.18.327 conversation-send-photo INFO click Camera folder
2018-12-07 21:14:14 WhatsApp 2.18.327 conversation-send-photo INFO select photo
2018-12-07 21:14:32 WhatsApp 2.18.327 conversation-send-photo INFO click send button
2018-12-07 21:14:45 WhatsApp 2.18.327 conversation-send-photo INFO stop the application
2018-12-07 21:14:46 WhatsApp 2.18.327 conversation-send-photo INFO remove an app from the recent list
2018-12-07 21:14:47 WhatsApp 2.18.327 conversation-send-photo INFO return HOME
2018-12-07 21:15:01 WhatsApp 2.18.223 push-notification INFO open Navigation Bar
2018-12-07 21:15:04 WhatsApp 2.18.223 push-notification INFO A user received a new photo
2018-12-07 21:15:06 WhatsApp 2.18.223 push-notification INFO return HOME
2018-12-11 09:05:40 WhatsApp 2.18.327 conversation-send-message INFO open application
2018-12-11 09:05:53 WhatsApp 2.18.327 conversation-send-message INFO click first conversation
2018-12-11 09:05:57 WhatsApp 2.18.327 conversation-send-message INFO click entry
2018-12-11 09:05:58 WhatsApp 2.18.327 conversation-send-message INFO type message
2018-12-11 09:06:01 WhatsApp 2.18.327 conversation-send-message INFO send message
2018-12-11 09:06:04 WhatsApp 2.18.327 conversation-send-message INFO stop the application
2018-12-11 09:06:05 WhatsApp 2.18.327 conversation-send-message INFO remove an app from the recent list
2018-12-11 09:06:06 WhatsApp 2.18.327 conversation-send-message INFO return HOME
2018-12-11 09:06:28 WhatsApp 2.18.223 push-notification INFO open Navigation Bar
2018-12-11 09:06:32 WhatsApp 2.18.223 push-notification INFO A user received a new text message
2018-12-11 09:06:33 WhatsApp 2.18.223 push-notification INFO return HOME
2018-12-11 09:17:16 WhatsApp 2.18.327 conversation-send-message INFO open application
2018-12-11 09:17:34 WhatsApp 2.18.327 conversation-send-message INFO click first conversation
2018-12-11 09:17:39 WhatsApp 2.18.327 conversation-send-message INFO click entry
2018-12-11 09:17:40 WhatsApp 2.18.327 conversation-send-message INFO type message
2018-12-11 09:17:43 WhatsApp 2.18.327 conversation-send-message INFO send message
2018-12-11 09:17:47 WhatsApp 2.18.327 conversation-send-message INFO stop the application
2018-12-11 09:17:48 WhatsApp 2.18.327 conversation-send-message INFO remove an app from the recent list
2018-12-11 09:17:48 WhatsApp 2.18.327 conversation-send-message INFO return HOME
2018-12-11 09:18:03 WhatsApp 2.18.223 push-notification INFO open Navigation Bar
2018-12-11 09:18:07 WhatsApp 2.18.223 push-notification INFO A user received a new text message
2018-12-11 09:18:08 WhatsApp 2.18.223 push-notification INFO return HOME
2018-12-11 09:37:23 WhatsApp 2.18.327 conversation-send-message INFO open application
2018-12-11 09:37:39 WhatsApp 2.18.327 conversation-send-message INFO click first conversation
2018-12-11 09:37:43 WhatsApp 2.18.327 conversation-send-message INFO click entry
2018-12-11 09:37:44 WhatsApp 2.18.327 conversation-send-message INFO type message
2018-12-11 09:37:48 WhatsApp 2.18.327 conversation-send-message INFO send message
2018-12-11 09:37:53 WhatsApp 2.18.327 conversation-send-message INFO stop the application
2018-12-11 09:37:54 WhatsApp 2.18.327 conversation-send-message INFO remove an app from the recent list
2018-12-11 09:37:55 WhatsApp 2.18.327 conversation-send-message INFO return HOME
2018-12-11 09:38:11 WhatsApp 2.18.223 push-notification INFO open Navigation Bar
2018-12-11 09:38:14 WhatsApp 2.18.223 push-notification INFO A user received a new text message
2018-12-11 09:38:16 WhatsApp 2.18.223 push-notification INFO return HOME
2018-12-11 09:48:55 WhatsApp 2.18.327 conversation-send-message INFO open application
2018-12-11 09:49:08 WhatsApp 2.18.327 conversation-send-message INFO click first conversation
2018-12-11 09:49:12 WhatsApp 2.18.327 conversation-send-message INFO click entry
2018-12-11 09:49:13 WhatsApp 2.18.327 conversation-send-message INFO type message
2018-12-11 09:49:17 WhatsApp 2.18.327 conversation-send-message INFO send message
2018-12-11 09:49:21 WhatsApp 2.18.327 conversation-send-message INFO stop the application
2018-12-11 09:49:22 WhatsApp 2.18.327 conversation-send-message INFO remove an app from the recent list
2018-12-11 09:49:23 WhatsApp 2.18.327 conversation-send-message INFO return HOME
2018-12-11 09:49:38 WhatsApp 2.18.223 push-notification INFO open Navigation Bar
2018-12-11 09:49:41 WhatsApp 2.18.223 push-notification INFO A user received a new text message
2018-12-11 09:49:43 WhatsApp 2.18.223 push-notification INFO return HOME
2018-12-11 10:00:13 WhatsApp 2.18.327 conversation-send-message INFO open application
2018-12-11 10:00:26 WhatsApp 2.18.327 conversation-send-message INFO click first conversation
2018-12-11 10:00:30 WhatsApp 2.18.327 conversation-send-message INFO click entry
2018-12-11 10:00:31 WhatsApp 2.18.327 conversation-send-message INFO type message
2018-12-11 10:00:34 WhatsApp 2.18.327 conversation-send-message INFO send message
2018-12-11 10:00:37 WhatsApp 2.18.327 conversation-send-message INFO stop the application
2018-12-11 10:00:39 WhatsApp 2.18.327 conversation-send-message INFO remove an app from the recent list
2018-12-11 10:00:41 WhatsApp 2.18.327 conversation-send-message INFO return HOME
2018-12-11 10:00:58 WhatsApp 2.18.223 push-notification INFO open Navigation Bar
2018-12-11 10:01:02 WhatsApp 2.18.223 push-notification INFO A user received a new text message
2018-12-11 10:01:04 WhatsApp 2.18.223 push-notification INFO return HOME
2018-12-11 10:20:50 WhatsApp 2.18.327 conversation-send-message INFO open application
2018-12-11 10:21:02 WhatsApp 2.18.327 conversation-send-message INFO click first conversation
2018-12-11 10:21:06 WhatsApp 2.18.327 conversation-send-message INFO click entry
2018-12-11 10:21:06 WhatsApp 2.18.327 conversation-send-message INFO type message
2018-12-11 10:21:09 WhatsApp 2.18.327 conversation-send-message INFO send message
2018-12-11 10:21:12 WhatsApp 2.18.327 conversation-send-message INFO stop the application
2018-12-11 10:21:14 WhatsApp 2.18.327 conversation-send-message INFO remove an app from the recent list
2018-12-11 10:21:14 WhatsApp 2.18.327 conversation-send-message INFO return HOME
2018-12-11 10:21:28 WhatsApp 2.18.223 push-notification INFO open Navigation Bar
2018-12-11 10:21:33 WhatsApp 2.18.223 push-notification INFO A user received a new text message
2018-12-11 10:21:34 WhatsApp 2.18.223 push-notification INFO return HOME
2018-12-11 10:32:16 WhatsApp 2.18.327 conversation-send-message INFO open application
2018-12-11 10:32:29 WhatsApp 2.18.327 conversation-send-message INFO click first conversation
2018-12-11 10:32:32 WhatsApp 2.18.327 conversation-send-message INFO click entry
2018-12-11 10:32:33 WhatsApp 2.18.327 conversation-send-message INFO type message
2018-12-11 10:32:35 WhatsApp 2.18.327 conversation-send-message INFO send message
2018-12-11 10:32:39 WhatsApp 2.18.327 conversation-send-message INFO stop the application
2018-12-11 10:32:40 WhatsApp 2.18.327 conversation-send-message INFO remove an app from the recent list
2018-12-11 10:32:40 WhatsApp 2.18.327 conversation-send-message INFO return HOME
2018-12-11 10:32:55 WhatsApp 2.18.223 push-notification INFO open Navigation Bar
2018-12-11 10:32:58 WhatsApp 2.18.223 push-notification INFO A user received a new text message
2018-12-11 10:33:00 WhatsApp 2.18.223 push-notification INFO return HOME
2018-12-11 10:43:30 WhatsApp 2.18.327 conversation-send-message INFO open application
2018-12-11 10:43:44 WhatsApp 2.18.327 conversation-send-message INFO click first conversation
2018-12-11 10:43:47 WhatsApp 2.18.327 conversation-send-message INFO click entry
2018-12-11 10:43:50 WhatsApp 2.18.327 conversation-send-message INFO type message
2018-12-11 10:43:53 WhatsApp 2.18.327 conversation-send-message INFO send message
2018-12-11 10:43:57 WhatsApp 2.18.327 conversation-send-message INFO stop the application
2018-12-11 10:43:58 WhatsApp 2.18.327 conversation-send-message INFO remove an app from the recent list
2018-12-11 10:43:59 WhatsApp 2.18.327 conversation-send-message INFO return HOME
2018-12-11 10:44:14 WhatsApp 2.18.223 push-notification INFO open Navigation Bar
2018-12-11 10:44:18 WhatsApp 2.18.223 push-notification INFO A user received a new text message
2018-12-11 10:44:19 WhatsApp 2.18.223 push-notification INFO return HOME
2018-12-11 11:05:26 WhatsApp 2.18.327 conversation-send-message INFO open application
2018-12-11 11:05:39 WhatsApp 2.18.327 conversation-send-message INFO click first conversation
2018-12-11 11:05:43 WhatsApp 2.18.327 conversation-send-message INFO click entry
2018-12-11 11:05:43 WhatsApp 2.18.327 conversation-send-message INFO type message
2018-12-11 11:05:46 WhatsApp 2.18.327 conversation-send-message INFO send message
2018-12-11 11:05:49 WhatsApp 2.18.327 conversation-send-message INFO stop the application
2018-12-11 11:05:50 WhatsApp 2.18.327 conversation-send-message INFO remove an app from the recent list
2018-12-11 11:05:51 WhatsApp 2.18.327 conversation-send-message INFO return HOME
2018-12-11 11:06:05 WhatsApp 2.18.223 push-notification INFO open Navigation Bar
2018-12-11 11:06:09 WhatsApp 2.18.223 push-notification INFO A user received a new text message
2018-12-11 11:06:11 WhatsApp 2.18.223 push-notification INFO return HOME
2018-12-11 11:16:43 WhatsApp 2.18.327 conversation-send-message INFO open application
2018-12-11 11:16:55 WhatsApp 2.18.327 conversation-send-message INFO click first conversation
2018-12-11 11:16:59 WhatsApp 2.18.327 conversation-send-message INFO click entry
2018-12-11 11:17:00 WhatsApp 2.18.327 conversation-send-message INFO type message
2018-12-11 11:17:03 WhatsApp 2.18.327 conversation-send-message INFO send message
2018-12-11 11:17:06 WhatsApp 2.18.327 conversation-send-message INFO stop the application
2018-12-11 11:17:07 WhatsApp 2.18.327 conversation-send-message INFO remove an app from the recent list
2018-12-11 11:17:08 WhatsApp 2.18.327 conversation-send-message INFO return HOME
2018-12-11 11:17:22 WhatsApp 2.18.223 push-notification INFO open Navigation Bar
2018-12-11 11:17:26 WhatsApp 2.18.223 push-notification INFO A user received a new text message
2018-12-11 11:17:28 WhatsApp 2.18.223 push-notification INFO return HOME
