2018-12-18 10:26:05 WhatsApp 2.18.327 conversation-send-photo INFO open application
2018-12-18 10:26:21 WhatsApp 2.18.327 conversation-send-photo INFO click first conversation
2018-12-18 10:26:26 WhatsApp 2.18.327 conversation-send-photo INFO click attachment button
2018-12-18 10:26:30 WhatsApp 2.18.327 conversation-send-photo INFO click Gallery
2018-12-18 10:26:35 WhatsApp 2.18.327 conversation-send-photo INFO click Camera folder
2018-12-18 10:26:39 WhatsApp 2.18.327 conversation-send-photo INFO select photo
2018-12-18 10:26:59 WhatsApp 2.18.327 conversation-send-photo INFO click send button
2018-12-18 10:27:12 WhatsApp 2.18.327 conversation-send-photo INFO stop the application
2018-12-18 10:27:14 WhatsApp 2.18.327 conversation-send-photo INFO remove an app from the recent list
2018-12-18 10:27:15 WhatsApp 2.18.327 conversation-send-photo INFO return HOME
2018-12-18 10:40:15 WhatsApp 2.18.327 conversation-send-photo INFO open application
2018-12-18 10:40:31 WhatsApp 2.18.327 conversation-send-photo INFO click first conversation
2018-12-18 10:40:36 WhatsApp 2.18.327 conversation-send-photo INFO click attachment button
2018-12-18 10:40:41 WhatsApp 2.18.327 conversation-send-photo INFO click Gallery
2018-12-18 10:40:46 WhatsApp 2.18.327 conversation-send-photo INFO click Camera folder
2018-12-18 10:40:51 WhatsApp 2.18.327 conversation-send-photo INFO select photo
2018-12-18 10:41:11 WhatsApp 2.18.327 conversation-send-photo INFO click send button
2018-12-18 10:41:25 WhatsApp 2.18.327 conversation-send-photo INFO stop the application
2018-12-18 10:41:27 WhatsApp 2.18.327 conversation-send-photo INFO remove an app from the recent list
2018-12-18 10:41:28 WhatsApp 2.18.327 conversation-send-photo INFO return HOME
2018-12-18 10:54:36 WhatsApp 2.18.327 conversation-send-photo INFO open application
2018-12-18 10:54:52 WhatsApp 2.18.327 conversation-send-photo INFO click first conversation
2018-12-18 10:54:59 WhatsApp 2.18.327 conversation-send-photo INFO click attachment button
2018-12-18 10:55:04 WhatsApp 2.18.327 conversation-send-photo INFO click Gallery
2018-12-18 10:55:09 WhatsApp 2.18.327 conversation-send-photo INFO click Camera folder
2018-12-18 10:55:14 WhatsApp 2.18.327 conversation-send-photo INFO select photo
2018-12-18 10:55:35 WhatsApp 2.18.327 conversation-send-photo INFO click send button
2018-12-18 10:55:48 WhatsApp 2.18.327 conversation-send-photo INFO stop the application
2018-12-18 10:55:51 WhatsApp 2.18.327 conversation-send-photo INFO remove an app from the recent list
2018-12-18 10:55:52 WhatsApp 2.18.327 conversation-send-photo INFO return HOME
2018-12-18 11:09:02 WhatsApp 2.18.327 conversation-send-photo INFO open application
2018-12-18 11:09:17 WhatsApp 2.18.327 conversation-send-photo INFO click first conversation
2018-12-18 11:09:25 WhatsApp 2.18.327 conversation-send-photo INFO click attachment button
2018-12-18 11:09:31 WhatsApp 2.18.327 conversation-send-photo INFO click Gallery
2018-12-18 11:09:36 WhatsApp 2.18.327 conversation-send-photo INFO click Camera folder
2018-12-18 11:09:41 WhatsApp 2.18.327 conversation-send-photo INFO select photo
2018-12-18 11:10:02 WhatsApp 2.18.327 conversation-send-photo INFO click send button
2018-12-18 11:10:15 WhatsApp 2.18.327 conversation-send-photo INFO stop the application
2018-12-18 11:10:18 WhatsApp 2.18.327 conversation-send-photo INFO remove an app from the recent list
2018-12-18 11:10:20 WhatsApp 2.18.327 conversation-send-photo INFO return HOME
2018-12-18 11:23:33 WhatsApp 2.18.327 conversation-send-photo INFO open application
2018-12-18 11:23:49 WhatsApp 2.18.327 conversation-send-photo INFO click first conversation
2018-12-18 11:23:56 WhatsApp 2.18.327 conversation-send-photo INFO click attachment button
2018-12-18 11:24:01 WhatsApp 2.18.327 conversation-send-photo INFO click Gallery
2018-12-18 11:24:07 WhatsApp 2.18.327 conversation-send-photo INFO click Camera folder
2018-12-18 11:24:13 WhatsApp 2.18.327 conversation-send-photo INFO select photo
2018-12-18 11:24:33 WhatsApp 2.18.327 conversation-send-photo INFO click send button
2018-12-18 11:24:46 WhatsApp 2.18.327 conversation-send-photo INFO stop the application
2018-12-18 11:24:49 WhatsApp 2.18.327 conversation-send-photo INFO remove an app from the recent list
2018-12-18 11:24:51 WhatsApp 2.18.327 conversation-send-photo INFO return HOME
2018-12-18 11:38:01 WhatsApp 2.18.327 conversation-send-photo INFO open application
2018-12-18 11:38:16 WhatsApp 2.18.327 conversation-send-photo INFO click first conversation
2018-12-18 11:38:23 WhatsApp 2.18.327 conversation-send-photo INFO click attachment button
2018-12-18 11:38:29 WhatsApp 2.18.327 conversation-send-photo INFO click Gallery
2018-12-18 11:38:35 WhatsApp 2.18.327 conversation-send-photo INFO click Camera folder
2018-12-18 11:38:41 WhatsApp 2.18.327 conversation-send-photo INFO select photo
2018-12-18 11:39:01 WhatsApp 2.18.327 conversation-send-photo INFO click send button
2018-12-18 11:39:14 WhatsApp 2.18.327 conversation-send-photo INFO stop the application
2018-12-18 11:39:18 WhatsApp 2.18.327 conversation-send-photo INFO remove an app from the recent list
2018-12-18 11:39:19 WhatsApp 2.18.327 conversation-send-photo INFO return HOME
2018-12-18 11:52:39 WhatsApp 2.18.327 conversation-send-photo INFO open application
2018-12-18 11:52:54 WhatsApp 2.18.327 conversation-send-photo INFO click first conversation
2018-12-18 11:53:02 WhatsApp 2.18.327 conversation-send-photo INFO click attachment button
2018-12-18 11:53:07 WhatsApp 2.18.327 conversation-send-photo INFO click Gallery
2018-12-18 11:53:12 WhatsApp 2.18.327 conversation-send-photo INFO click Camera folder
2018-12-18 11:53:18 WhatsApp 2.18.327 conversation-send-photo INFO select photo
2018-12-18 11:53:38 WhatsApp 2.18.327 conversation-send-photo INFO click send button
2018-12-18 11:53:52 WhatsApp 2.18.327 conversation-send-photo INFO stop the application
2018-12-18 11:53:54 WhatsApp 2.18.327 conversation-send-photo INFO remove an app from the recent list
2018-12-18 11:53:56 WhatsApp 2.18.327 conversation-send-photo INFO return HOME
2018-12-18 12:07:22 WhatsApp 2.18.327 conversation-send-photo INFO open application
2018-12-18 12:07:37 WhatsApp 2.18.327 conversation-send-photo INFO click first conversation
2018-12-18 12:07:44 WhatsApp 2.18.327 conversation-send-photo INFO click attachment button
2018-12-18 12:07:49 WhatsApp 2.18.327 conversation-send-photo INFO click Gallery
2018-12-18 12:07:55 WhatsApp 2.18.327 conversation-send-photo INFO click Camera folder
2018-12-18 12:08:02 WhatsApp 2.18.327 conversation-send-photo INFO select photo
2018-12-18 12:08:22 WhatsApp 2.18.327 conversation-send-photo INFO click send button
2018-12-18 12:08:35 WhatsApp 2.18.327 conversation-send-photo INFO stop the application
2018-12-18 12:08:38 WhatsApp 2.18.327 conversation-send-photo INFO remove an app from the recent list
2018-12-18 12:08:40 WhatsApp 2.18.327 conversation-send-photo INFO return HOME
2018-12-18 12:22:05 WhatsApp 2.18.327 conversation-send-photo INFO open application
2018-12-18 12:22:20 WhatsApp 2.18.327 conversation-send-photo INFO click first conversation
2018-12-18 12:22:27 WhatsApp 2.18.327 conversation-send-photo INFO click attachment button
2018-12-18 12:22:33 WhatsApp 2.18.327 conversation-send-photo INFO click Gallery
2018-12-18 12:22:38 WhatsApp 2.18.327 conversation-send-photo INFO click Camera folder
2018-12-18 12:22:44 WhatsApp 2.18.327 conversation-send-photo INFO select photo
2018-12-18 12:23:04 WhatsApp 2.18.327 conversation-send-photo INFO click send button
2018-12-18 12:23:18 WhatsApp 2.18.327 conversation-send-photo INFO stop the application
2018-12-18 12:23:21 WhatsApp 2.18.327 conversation-send-photo INFO remove an app from the recent list
2018-12-18 12:23:22 WhatsApp 2.18.327 conversation-send-photo INFO return HOME
2018-12-18 12:36:44 WhatsApp 2.18.327 conversation-send-photo INFO open application
2018-12-18 12:36:59 WhatsApp 2.18.327 conversation-send-photo INFO click first conversation
2018-12-18 12:37:06 WhatsApp 2.18.327 conversation-send-photo INFO click attachment button
2018-12-18 12:37:12 WhatsApp 2.18.327 conversation-send-photo INFO click Gallery
2018-12-18 12:37:17 WhatsApp 2.18.327 conversation-send-photo INFO click Camera folder
2018-12-18 12:37:23 WhatsApp 2.18.327 conversation-send-photo INFO select photo
2018-12-18 12:37:43 WhatsApp 2.18.327 conversation-send-photo INFO click send button
2018-12-18 12:37:57 WhatsApp 2.18.327 conversation-send-photo INFO stop the application
2018-12-18 12:38:00 WhatsApp 2.18.327 conversation-send-photo INFO remove an app from the recent list
2018-12-18 12:38:01 WhatsApp 2.18.327 conversation-send-photo INFO return HOME
2018-12-18 12:51:25 WhatsApp 2.18.327 conversation-send-photo INFO open application
2018-12-18 12:51:41 WhatsApp 2.18.327 conversation-send-photo INFO click first conversation
2018-12-18 12:51:48 WhatsApp 2.18.327 conversation-send-photo INFO click attachment button
2018-12-18 12:51:54 WhatsApp 2.18.327 conversation-send-photo INFO click Gallery
2018-12-18 12:51:59 WhatsApp 2.18.327 conversation-send-photo INFO click Camera folder
2018-12-18 12:52:05 WhatsApp 2.18.327 conversation-send-photo INFO select photo
2018-12-18 12:52:26 WhatsApp 2.18.327 conversation-send-photo INFO click send button
2018-12-18 12:52:39 WhatsApp 2.18.327 conversation-send-photo INFO stop the application
2018-12-18 12:52:42 WhatsApp 2.18.327 conversation-send-photo INFO remove an app from the recent list
2018-12-18 12:52:43 WhatsApp 2.18.327 conversation-send-photo INFO return HOME
2018-12-18 13:09:22 WhatsApp 2.18.327 conversation-send-message INFO open application
2018-12-18 13:09:37 WhatsApp 2.18.327 conversation-send-message INFO click first conversation
2018-12-18 13:09:45 WhatsApp 2.18.327 conversation-send-message INFO click entry
2018-12-18 13:09:47 WhatsApp 2.18.327 conversation-send-message INFO type message
2018-12-18 13:09:53 WhatsApp 2.18.327 conversation-send-message INFO send message
2018-12-18 13:09:56 WhatsApp 2.18.327 conversation-send-message INFO stop the application
2018-12-18 13:09:59 WhatsApp 2.18.327 conversation-send-message INFO remove an app from the recent list
2018-12-18 13:10:01 WhatsApp 2.18.327 conversation-send-message INFO return HOME
2018-12-18 13:23:22 WhatsApp 2.18.327 conversation-send-message INFO open application
2018-12-18 13:23:37 WhatsApp 2.18.327 conversation-send-message INFO click first conversation
2018-12-18 13:23:45 WhatsApp 2.18.327 conversation-send-message INFO click entry
2018-12-18 13:23:48 WhatsApp 2.18.327 conversation-send-message INFO type message
2018-12-18 13:23:54 WhatsApp 2.18.327 conversation-send-message INFO send message
2018-12-18 13:23:57 WhatsApp 2.18.327 conversation-send-message INFO stop the application
2018-12-18 13:24:00 WhatsApp 2.18.327 conversation-send-message INFO remove an app from the recent list
2018-12-18 13:24:02 WhatsApp 2.18.327 conversation-send-message INFO return HOME
2018-12-18 13:37:27 WhatsApp 2.18.327 conversation-send-message INFO open application
2018-12-18 13:37:42 WhatsApp 2.18.327 conversation-send-message INFO click first conversation
2018-12-18 13:37:49 WhatsApp 2.18.327 conversation-send-message INFO click entry
2018-12-18 13:37:53 WhatsApp 2.18.327 conversation-send-message INFO type message
2018-12-18 13:37:59 WhatsApp 2.18.327 conversation-send-message INFO send message
2018-12-18 13:38:02 WhatsApp 2.18.327 conversation-send-message INFO stop the application
2018-12-18 13:38:05 WhatsApp 2.18.327 conversation-send-message INFO remove an app from the recent list
2018-12-18 13:38:06 WhatsApp 2.18.327 conversation-send-message INFO return HOME
2018-12-18 13:51:34 WhatsApp 2.18.327 conversation-send-message INFO open application
2018-12-18 13:51:49 WhatsApp 2.18.327 conversation-send-message INFO click first conversation
2018-12-18 13:51:57 WhatsApp 2.18.327 conversation-send-message INFO click entry
2018-12-18 13:52:00 WhatsApp 2.18.327 conversation-send-message INFO type message
2018-12-18 13:52:06 WhatsApp 2.18.327 conversation-send-message INFO send message
2018-12-18 13:52:10 WhatsApp 2.18.327 conversation-send-message INFO stop the application
2018-12-18 13:52:13 WhatsApp 2.18.327 conversation-send-message INFO remove an app from the recent list
2018-12-18 13:52:15 WhatsApp 2.18.327 conversation-send-message INFO return HOME
2018-12-18 14:05:42 WhatsApp 2.18.327 conversation-send-message INFO open application
2018-12-18 14:05:57 WhatsApp 2.18.327 conversation-send-message INFO click first conversation
2018-12-18 14:06:05 WhatsApp 2.18.327 conversation-send-message INFO click entry
2018-12-18 14:06:08 WhatsApp 2.18.327 conversation-send-message INFO type message
2018-12-18 14:06:14 WhatsApp 2.18.327 conversation-send-message INFO send message
2018-12-18 14:06:17 WhatsApp 2.18.327 conversation-send-message INFO stop the application
2018-12-18 14:06:20 WhatsApp 2.18.327 conversation-send-message INFO remove an app from the recent list
2018-12-18 14:06:22 WhatsApp 2.18.327 conversation-send-message INFO return HOME
2018-12-18 14:19:53 WhatsApp 2.18.327 conversation-send-message INFO open application
2018-12-18 14:20:08 WhatsApp 2.18.327 conversation-send-message INFO click first conversation
2018-12-18 14:20:16 WhatsApp 2.18.327 conversation-send-message INFO click entry
2018-12-18 14:20:18 WhatsApp 2.18.327 conversation-send-message INFO type message
2018-12-18 14:20:24 WhatsApp 2.18.327 conversation-send-message INFO send message
2018-12-18 14:20:27 WhatsApp 2.18.327 conversation-send-message INFO stop the application
2018-12-18 14:20:30 WhatsApp 2.18.327 conversation-send-message INFO remove an app from the recent list
2018-12-18 14:20:32 WhatsApp 2.18.327 conversation-send-message INFO return HOME
2018-12-18 14:34:07 WhatsApp 2.18.327 conversation-send-message INFO open application
2018-12-18 14:34:22 WhatsApp 2.18.327 conversation-send-message INFO click first conversation
2018-12-18 14:34:30 WhatsApp 2.18.327 conversation-send-message INFO click entry
2018-12-18 14:34:32 WhatsApp 2.18.327 conversation-send-message INFO type message
2018-12-18 14:34:38 WhatsApp 2.18.327 conversation-send-message INFO send message
2018-12-18 14:34:41 WhatsApp 2.18.327 conversation-send-message INFO stop the application
2018-12-18 14:34:45 WhatsApp 2.18.327 conversation-send-message INFO remove an app from the recent list
2018-12-18 14:34:46 WhatsApp 2.18.327 conversation-send-message INFO return HOME
2018-12-18 14:48:22 WhatsApp 2.18.327 conversation-send-message INFO open application
2018-12-18 14:48:37 WhatsApp 2.18.327 conversation-send-message INFO click first conversation
2018-12-18 14:48:44 WhatsApp 2.18.327 conversation-send-message INFO click entry
2018-12-18 14:48:48 WhatsApp 2.18.327 conversation-send-message INFO type message
2018-12-18 14:48:53 WhatsApp 2.18.327 conversation-send-message INFO send message
2018-12-18 14:48:57 WhatsApp 2.18.327 conversation-send-message INFO stop the application
2018-12-18 14:49:00 WhatsApp 2.18.327 conversation-send-message INFO remove an app from the recent list
2018-12-18 14:49:01 WhatsApp 2.18.327 conversation-send-message INFO return HOME
2018-12-18 15:02:40 WhatsApp 2.18.327 conversation-send-message INFO open application
2018-12-18 15:02:56 WhatsApp 2.18.327 conversation-send-message INFO click first conversation
2018-12-18 15:03:03 WhatsApp 2.18.327 conversation-send-message INFO click entry
2018-12-18 15:03:06 WhatsApp 2.18.327 conversation-send-message INFO type message
2018-12-18 15:03:12 WhatsApp 2.18.327 conversation-send-message INFO send message
2018-12-18 15:03:15 WhatsApp 2.18.327 conversation-send-message INFO stop the application
2018-12-18 15:03:19 WhatsApp 2.18.327 conversation-send-message INFO remove an app from the recent list
2018-12-18 15:03:20 WhatsApp 2.18.327 conversation-send-message INFO return HOME
2018-12-18 15:17:00 WhatsApp 2.18.327 conversation-send-message INFO open application
2018-12-18 15:17:15 WhatsApp 2.18.327 conversation-send-message INFO click first conversation
2018-12-18 15:17:23 WhatsApp 2.18.327 conversation-send-message INFO click entry
2018-12-18 15:17:26 WhatsApp 2.18.327 conversation-send-message INFO type message
2018-12-18 15:17:32 WhatsApp 2.18.327 conversation-send-message INFO send message
2018-12-18 15:17:35 WhatsApp 2.18.327 conversation-send-message INFO stop the application
2018-12-18 15:17:38 WhatsApp 2.18.327 conversation-send-message INFO remove an app from the recent list
2018-12-18 15:17:40 WhatsApp 2.18.327 conversation-send-message INFO return HOME
2018-12-18 15:31:15 WhatsApp 2.18.327 conversation-send-message INFO open application
2018-12-18 15:31:30 WhatsApp 2.18.327 conversation-send-message INFO click first conversation
2018-12-18 15:31:37 WhatsApp 2.18.327 conversation-send-message INFO click entry
2018-12-18 15:31:40 WhatsApp 2.18.327 conversation-send-message INFO type message
2018-12-18 15:31:46 WhatsApp 2.18.327 conversation-send-message INFO send message
2018-12-18 15:31:49 WhatsApp 2.18.327 conversation-send-message INFO stop the application
2018-12-18 15:31:52 WhatsApp 2.18.327 conversation-send-message INFO remove an app from the recent list
2018-12-18 15:31:54 WhatsApp 2.18.327 conversation-send-message INFO return HOME
2018-12-18 18:19:38 WhatsApp 2.18.327 fab-message INFO open application
2018-12-18 18:19:54 WhatsApp 2.18.327 fab-message INFO click fab
2018-12-18 18:20:00 WhatsApp 2.18.327 fab-message INFO select first contact
2018-12-18 18:20:08 WhatsApp 2.18.327 fab-message INFO click entry
2018-12-18 18:20:10 WhatsApp 2.18.327 fab-message INFO type message
2018-12-18 18:20:15 WhatsApp 2.18.327 fab-message INFO send message
2018-12-18 18:20:18 WhatsApp 2.18.327 fab-message INFO stop the application
2018-12-18 18:20:21 WhatsApp 2.18.327 fab-message INFO remove an app from the recent list
2018-12-18 18:20:23 WhatsApp 2.18.327 fab-message INFO return HOME
2018-12-18 18:35:16 WhatsApp 2.18.327 fab-message INFO open application
2018-12-18 18:35:32 WhatsApp 2.18.327 fab-message INFO click fab
2018-12-18 18:35:39 WhatsApp 2.18.327 fab-message INFO select first contact
2018-12-18 18:35:46 WhatsApp 2.18.327 fab-message INFO click entry
2018-12-18 18:35:48 WhatsApp 2.18.327 fab-message INFO type message
2018-12-18 18:35:53 WhatsApp 2.18.327 fab-message INFO send message
2018-12-18 18:35:56 WhatsApp 2.18.327 fab-message INFO stop the application
2018-12-18 18:35:59 WhatsApp 2.18.327 fab-message INFO remove an app from the recent list
2018-12-18 18:36:01 WhatsApp 2.18.327 fab-message INFO return HOME
2018-12-18 18:50:18 WhatsApp 2.18.327 fab-message INFO open application
2018-12-18 18:50:33 WhatsApp 2.18.327 fab-message INFO click fab
2018-12-18 18:50:39 WhatsApp 2.18.327 fab-message INFO select first contact
2018-12-18 18:50:47 WhatsApp 2.18.327 fab-message INFO click entry
2018-12-18 18:50:49 WhatsApp 2.18.327 fab-message INFO type message
2018-12-18 18:50:54 WhatsApp 2.18.327 fab-message INFO send message
2018-12-18 18:50:57 WhatsApp 2.18.327 fab-message INFO stop the application
2018-12-18 18:51:01 WhatsApp 2.18.327 fab-message INFO remove an app from the recent list
2018-12-18 18:51:02 WhatsApp 2.18.327 fab-message INFO return HOME
2018-12-18 19:05:04 WhatsApp 2.18.327 fab-message INFO open application
2018-12-18 19:05:19 WhatsApp 2.18.327 fab-message INFO click fab
2018-12-18 19:05:25 WhatsApp 2.18.327 fab-message INFO select first contact
2018-12-18 19:05:33 WhatsApp 2.18.327 fab-message INFO click entry
2018-12-18 19:05:35 WhatsApp 2.18.327 fab-message INFO type message
2018-12-18 19:05:41 WhatsApp 2.18.327 fab-message INFO send message
2018-12-18 19:05:44 WhatsApp 2.18.327 fab-message INFO stop the application
2018-12-18 19:05:47 WhatsApp 2.18.327 fab-message INFO remove an app from the recent list
2018-12-18 19:05:49 WhatsApp 2.18.327 fab-message INFO return HOME
2018-12-18 19:19:45 WhatsApp 2.18.327 fab-message INFO open application
2018-12-18 19:20:00 WhatsApp 2.18.327 fab-message INFO click fab
2018-12-18 19:20:08 WhatsApp 2.18.327 fab-message INFO select first contact
2018-12-18 19:20:15 WhatsApp 2.18.327 fab-message INFO click entry
2018-12-18 19:20:17 WhatsApp 2.18.327 fab-message INFO type message
2018-12-18 19:20:23 WhatsApp 2.18.327 fab-message INFO send message
2018-12-18 19:20:26 WhatsApp 2.18.327 fab-message INFO stop the application
2018-12-18 19:20:29 WhatsApp 2.18.327 fab-message INFO remove an app from the recent list
2018-12-18 19:20:31 WhatsApp 2.18.327 fab-message INFO return HOME
2018-12-18 19:34:32 WhatsApp 2.18.327 fab-message INFO open application
2018-12-18 19:34:48 WhatsApp 2.18.327 fab-message INFO click fab
2018-12-18 19:34:56 WhatsApp 2.18.327 fab-message INFO select first contact
2018-12-18 19:35:02 WhatsApp 2.18.327 fab-message INFO click entry
2018-12-18 19:35:04 WhatsApp 2.18.327 fab-message INFO type message
2018-12-18 19:35:10 WhatsApp 2.18.327 fab-message INFO send message
2018-12-18 19:35:13 WhatsApp 2.18.327 fab-message INFO stop the application
2018-12-18 19:35:16 WhatsApp 2.18.327 fab-message INFO remove an app from the recent list
2018-12-18 19:35:18 WhatsApp 2.18.327 fab-message INFO return HOME
2018-12-18 19:49:14 WhatsApp 2.18.327 fab-message INFO open application
2018-12-18 19:49:29 WhatsApp 2.18.327 fab-message INFO click fab
2018-12-18 19:49:36 WhatsApp 2.18.327 fab-message INFO select first contact
2018-12-18 19:49:43 WhatsApp 2.18.327 fab-message INFO click entry
2018-12-18 19:49:45 WhatsApp 2.18.327 fab-message INFO type message
2018-12-18 19:49:50 WhatsApp 2.18.327 fab-message INFO send message
2018-12-18 19:49:53 WhatsApp 2.18.327 fab-message INFO stop the application
2018-12-18 19:49:56 WhatsApp 2.18.327 fab-message INFO remove an app from the recent list
2018-12-18 19:49:58 WhatsApp 2.18.327 fab-message INFO return HOME
2018-12-18 20:04:04 WhatsApp 2.18.327 fab-message INFO open application
2018-12-18 20:04:19 WhatsApp 2.18.327 fab-message INFO click fab
2018-12-18 20:04:26 WhatsApp 2.18.327 fab-message INFO select first contact
2018-12-18 20:04:33 WhatsApp 2.18.327 fab-message INFO click entry
2018-12-18 20:04:35 WhatsApp 2.18.327 fab-message INFO type message
2018-12-18 20:04:40 WhatsApp 2.18.327 fab-message INFO send message
2018-12-18 20:04:43 WhatsApp 2.18.327 fab-message INFO stop the application
2018-12-18 20:04:47 WhatsApp 2.18.327 fab-message INFO remove an app from the recent list
2018-12-18 20:04:48 WhatsApp 2.18.327 fab-message INFO return HOME
2018-12-18 20:19:16 WhatsApp 2.18.327 fab-message INFO open application
2018-12-18 20:19:32 WhatsApp 2.18.327 fab-message INFO click fab
2018-12-18 20:19:38 WhatsApp 2.18.327 fab-message INFO select first contact
2018-12-18 20:19:46 WhatsApp 2.18.327 fab-message INFO click entry
2018-12-18 20:19:48 WhatsApp 2.18.327 fab-message INFO type message
2018-12-18 20:19:53 WhatsApp 2.18.327 fab-message INFO send message
2018-12-18 20:19:56 WhatsApp 2.18.327 fab-message INFO stop the application
2018-12-18 20:19:59 WhatsApp 2.18.327 fab-message INFO remove an app from the recent list
2018-12-18 20:20:01 WhatsApp 2.18.327 fab-message INFO return HOME
2018-12-18 20:34:31 WhatsApp 2.18.327 fab-message INFO open application
2018-12-18 20:34:47 WhatsApp 2.18.327 fab-message INFO click fab
2018-12-18 20:34:53 WhatsApp 2.18.327 fab-message INFO select first contact
2018-12-18 20:35:01 WhatsApp 2.18.327 fab-message INFO click entry
2018-12-18 20:35:03 WhatsApp 2.18.327 fab-message INFO type message
2018-12-18 20:35:09 WhatsApp 2.18.327 fab-message INFO send message
2018-12-18 20:35:12 WhatsApp 2.18.327 fab-message INFO stop the application
2018-12-18 20:35:15 WhatsApp 2.18.327 fab-message INFO remove an app from the recent list
2018-12-18 20:35:17 WhatsApp 2.18.327 fab-message INFO return HOME
2018-12-18 20:49:19 WhatsApp 2.18.327 fab-message INFO open application
2018-12-18 20:49:34 WhatsApp 2.18.327 fab-message INFO click fab
2018-12-18 20:49:41 WhatsApp 2.18.327 fab-message INFO select first contact
2018-12-18 20:49:47 WhatsApp 2.18.327 fab-message INFO click entry
2018-12-18 20:49:50 WhatsApp 2.18.327 fab-message INFO type message
2018-12-18 20:49:55 WhatsApp 2.18.327 fab-message INFO send message
2018-12-18 20:49:58 WhatsApp 2.18.327 fab-message INFO stop the application
2018-12-18 20:50:01 WhatsApp 2.18.327 fab-message INFO remove an app from the recent list
2018-12-18 20:50:03 WhatsApp 2.18.327 fab-message INFO return HOME
2018-12-19 06:24:26 WhatsApp 2.18.327 fab-photo INFO open application
2018-12-19 06:24:41 WhatsApp 2.18.327 fab-photo INFO click fab
2018-12-19 06:24:45 WhatsApp 2.18.327 fab-photo INFO select first contact
2018-12-19 06:24:49 WhatsApp 2.18.327 fab-photo INFO click attachment button
2018-12-19 06:24:55 WhatsApp 2.18.327 fab-photo INFO click Gallery
2018-12-19 06:25:00 WhatsApp 2.18.327 fab-photo INFO click Camera folder
2018-12-19 06:25:04 WhatsApp 2.18.327 fab-photo INFO select photo
2018-12-19 06:25:29 WhatsApp 2.18.327 fab-photo INFO click send button
2018-12-19 06:25:42 WhatsApp 2.18.327 fab-photo INFO stop the application
2018-12-19 06:25:44 WhatsApp 2.18.327 fab-photo INFO remove an app from the recent list
2018-12-19 06:25:45 WhatsApp 2.18.327 fab-photo INFO return HOME
2018-12-19 06:41:52 WhatsApp 2.18.327 fab-photo INFO open application
2018-12-19 06:42:06 WhatsApp 2.18.327 fab-photo INFO click fab
2018-12-19 06:42:10 WhatsApp 2.18.327 fab-photo INFO select first contact
2018-12-19 06:42:15 WhatsApp 2.18.327 fab-photo INFO click attachment button
2018-12-19 06:42:21 WhatsApp 2.18.327 fab-photo INFO click Gallery
2018-12-19 06:42:25 WhatsApp 2.18.327 fab-photo INFO click Camera folder
2018-12-19 06:42:29 WhatsApp 2.18.327 fab-photo INFO select photo
2018-12-19 06:42:54 WhatsApp 2.18.327 fab-photo INFO click send button
2018-12-19 06:43:07 WhatsApp 2.18.327 fab-photo INFO stop the application
2018-12-19 06:43:09 WhatsApp 2.18.327 fab-photo INFO remove an app from the recent list
2018-12-19 06:43:10 WhatsApp 2.18.327 fab-photo INFO return HOME
2018-12-19 06:59:31 WhatsApp 2.18.327 fab-photo INFO open application
2018-12-19 06:59:46 WhatsApp 2.18.327 fab-photo INFO click fab
2018-12-19 06:59:50 WhatsApp 2.18.327 fab-photo INFO select first contact
2018-12-19 06:59:55 WhatsApp 2.18.327 fab-photo INFO click attachment button
2018-12-19 07:00:02 WhatsApp 2.18.327 fab-photo INFO click Gallery
2018-12-19 07:00:08 WhatsApp 2.18.327 fab-photo INFO click Camera folder
2018-12-19 07:00:13 WhatsApp 2.18.327 fab-photo INFO select photo
2018-12-19 07:00:39 WhatsApp 2.18.327 fab-photo INFO click send button
2018-12-19 07:00:52 WhatsApp 2.18.327 fab-photo INFO stop the application
2018-12-19 07:00:55 WhatsApp 2.18.327 fab-photo INFO remove an app from the recent list
2018-12-19 07:00:57 WhatsApp 2.18.327 fab-photo INFO return HOME
2018-12-19 07:17:32 WhatsApp 2.18.327 fab-photo INFO open application
2018-12-19 07:17:48 WhatsApp 2.18.327 fab-photo INFO click fab
2018-12-19 07:17:53 WhatsApp 2.18.327 fab-photo INFO select first contact
2018-12-19 07:17:58 WhatsApp 2.18.327 fab-photo INFO click attachment button
2018-12-19 07:18:03 WhatsApp 2.18.327 fab-photo INFO click Gallery
2018-12-19 07:18:10 WhatsApp 2.18.327 fab-photo INFO click Camera folder
2018-12-19 07:18:16 WhatsApp 2.18.327 fab-photo INFO select photo
2018-12-19 07:18:42 WhatsApp 2.18.327 fab-photo INFO click send button
2018-12-19 07:18:55 WhatsApp 2.18.327 fab-photo INFO stop the application
2018-12-19 07:18:58 WhatsApp 2.18.327 fab-photo INFO remove an app from the recent list
2018-12-19 07:18:59 WhatsApp 2.18.327 fab-photo INFO return HOME
2018-12-19 07:35:38 WhatsApp 2.18.327 fab-photo INFO open application
2018-12-19 07:35:53 WhatsApp 2.18.327 fab-photo INFO click fab
2018-12-19 07:35:58 WhatsApp 2.18.327 fab-photo INFO select first contact
2018-12-19 07:36:03 WhatsApp 2.18.327 fab-photo INFO click attachment button
2018-12-19 07:36:08 WhatsApp 2.18.327 fab-photo INFO click Gallery
2018-12-19 07:36:16 WhatsApp 2.18.327 fab-photo INFO click Camera folder
2018-12-19 07:36:22 WhatsApp 2.18.327 fab-photo INFO select photo
2018-12-19 07:36:47 WhatsApp 2.18.327 fab-photo INFO click send button
2018-12-19 07:37:00 WhatsApp 2.18.327 fab-photo INFO stop the application
2018-12-19 07:37:04 WhatsApp 2.18.327 fab-photo INFO remove an app from the recent list
2018-12-19 07:37:05 WhatsApp 2.18.327 fab-photo INFO return HOME
2018-12-19 07:53:52 WhatsApp 2.18.327 fab-photo INFO open application
2018-12-19 07:54:07 WhatsApp 2.18.327 fab-photo INFO click fab
2018-12-19 07:54:12 WhatsApp 2.18.327 fab-photo INFO select first contact
2018-12-19 07:54:17 WhatsApp 2.18.327 fab-photo INFO click attachment button
2018-12-19 07:54:22 WhatsApp 2.18.327 fab-photo INFO click Gallery
2018-12-19 07:54:29 WhatsApp 2.18.327 fab-photo INFO click Camera folder
2018-12-19 07:54:36 WhatsApp 2.18.327 fab-photo INFO select photo
2018-12-19 07:55:01 WhatsApp 2.18.327 fab-photo INFO click send button
2018-12-19 07:55:14 WhatsApp 2.18.327 fab-photo INFO stop the application
2018-12-19 07:55:18 WhatsApp 2.18.327 fab-photo INFO remove an app from the recent list
2018-12-19 07:55:19 WhatsApp 2.18.327 fab-photo INFO return HOME
2018-12-19 08:12:02 WhatsApp 2.18.327 fab-photo INFO open application
2018-12-19 08:12:17 WhatsApp 2.18.327 fab-photo INFO click fab
2018-12-19 08:12:22 WhatsApp 2.18.327 fab-photo INFO select first contact
2018-12-19 08:12:27 WhatsApp 2.18.327 fab-photo INFO click attachment button
2018-12-19 08:12:32 WhatsApp 2.18.327 fab-photo INFO click Gallery
2018-12-19 08:12:39 WhatsApp 2.18.327 fab-photo INFO click Camera folder
2018-12-19 08:12:45 WhatsApp 2.18.327 fab-photo INFO select photo
2018-12-19 08:13:10 WhatsApp 2.18.327 fab-photo INFO click send button
2018-12-19 08:13:23 WhatsApp 2.18.327 fab-photo INFO stop the application
2018-12-19 08:13:27 WhatsApp 2.18.327 fab-photo INFO remove an app from the recent list
2018-12-19 08:13:29 WhatsApp 2.18.327 fab-photo INFO return HOME
2018-12-19 08:30:22 WhatsApp 2.18.327 fab-photo INFO open application
2018-12-19 08:30:37 WhatsApp 2.18.327 fab-photo INFO click fab
2018-12-19 08:30:42 WhatsApp 2.18.327 fab-photo INFO select first contact
2018-12-19 08:30:48 WhatsApp 2.18.327 fab-photo INFO click attachment button
2018-12-19 08:30:53 WhatsApp 2.18.327 fab-photo INFO click Gallery
2018-12-19 08:31:00 WhatsApp 2.18.327 fab-photo INFO click Camera folder
2018-12-19 08:31:06 WhatsApp 2.18.327 fab-photo INFO select photo
2018-12-19 08:31:31 WhatsApp 2.18.327 fab-photo INFO click send button
2018-12-19 08:31:44 WhatsApp 2.18.327 fab-photo INFO stop the application
2018-12-19 08:31:48 WhatsApp 2.18.327 fab-photo INFO remove an app from the recent list
2018-12-19 08:31:49 WhatsApp 2.18.327 fab-photo INFO return HOME
2018-12-19 08:48:47 WhatsApp 2.18.327 fab-photo INFO open application
2018-12-19 08:49:02 WhatsApp 2.18.327 fab-photo INFO click fab
2018-12-19 08:49:07 WhatsApp 2.18.327 fab-photo INFO select first contact
2018-12-19 08:49:12 WhatsApp 2.18.327 fab-photo INFO click attachment button
2018-12-19 08:49:17 WhatsApp 2.18.327 fab-photo INFO click Gallery
2018-12-19 08:49:24 WhatsApp 2.18.327 fab-photo INFO click Camera folder
2018-12-19 08:49:31 WhatsApp 2.18.327 fab-photo INFO select photo
2018-12-19 08:49:56 WhatsApp 2.18.327 fab-photo INFO click send button
2018-12-19 08:50:09 WhatsApp 2.18.327 fab-photo INFO stop the application
2018-12-19 08:50:13 WhatsApp 2.18.327 fab-photo INFO remove an app from the recent list
2018-12-19 08:50:14 WhatsApp 2.18.327 fab-photo INFO return HOME
2018-12-19 09:07:12 WhatsApp 2.18.327 fab-photo INFO open application
2018-12-19 09:07:28 WhatsApp 2.18.327 fab-photo INFO click fab
2018-12-19 09:07:33 WhatsApp 2.18.327 fab-photo INFO select first contact
2018-12-19 09:07:38 WhatsApp 2.18.327 fab-photo INFO click attachment button
2018-12-19 09:07:43 WhatsApp 2.18.327 fab-photo INFO click Gallery
2018-12-19 09:07:50 WhatsApp 2.18.327 fab-photo INFO click Camera folder
2018-12-19 09:07:56 WhatsApp 2.18.327 fab-photo INFO select photo
2018-12-19 09:08:21 WhatsApp 2.18.327 fab-photo INFO click send button
2018-12-19 09:08:34 WhatsApp 2.18.327 fab-photo INFO stop the application
2018-12-19 09:08:38 WhatsApp 2.18.327 fab-photo INFO remove an app from the recent list
2018-12-19 09:08:39 WhatsApp 2.18.327 fab-photo INFO return HOME
2018-12-19 09:25:32 WhatsApp 2.18.327 fab-photo INFO open application
2018-12-19 09:25:47 WhatsApp 2.18.327 fab-photo INFO click fab
2018-12-19 09:25:52 WhatsApp 2.18.327 fab-photo INFO select first contact
2018-12-19 09:25:57 WhatsApp 2.18.327 fab-photo INFO click attachment button
2018-12-19 09:26:02 WhatsApp 2.18.327 fab-photo INFO click Gallery
2018-12-19 09:26:09 WhatsApp 2.18.327 fab-photo INFO click Camera folder
2018-12-19 09:26:15 WhatsApp 2.18.327 fab-photo INFO select photo
2018-12-19 09:26:41 WhatsApp 2.18.327 fab-photo INFO click send button
2018-12-19 09:26:54 WhatsApp 2.18.327 fab-photo INFO stop the application
2018-12-19 09:26:57 WhatsApp 2.18.327 fab-photo INFO remove an app from the recent list
2018-12-19 09:26:59 WhatsApp 2.18.327 fab-photo INFO return HOME
2018-12-19 09:53:49 WhatsApp 2.18.327 conversation-send-message INFO open application
2018-12-19 09:54:02 WhatsApp 2.18.327 conversation-send-message INFO click first conversation
2018-12-19 09:54:04 WhatsApp 2.18.327 conversation-send-message INFO click entry
2018-12-19 09:54:05 WhatsApp 2.18.327 conversation-send-message INFO type message
2018-12-19 09:54:08 WhatsApp 2.18.327 conversation-send-message INFO send message
2018-12-19 09:54:11 WhatsApp 2.18.327 conversation-send-message INFO stop the application
2018-12-19 09:54:12 WhatsApp 2.18.327 conversation-send-message INFO remove an app from the recent list
2018-12-19 09:54:13 WhatsApp 2.18.327 conversation-send-message INFO return HOME
2018-12-19 09:54:24 WhatsApp 2.18.327 receive-message INFO open application
2018-12-19 09:54:39 WhatsApp 2.18.327 receive-message INFO click new message received conversation
2018-12-19 09:54:43 WhatsApp 2.18.327 receive-message INFO last received message is a text
2018-12-19 09:54:44 WhatsApp 2.18.327 receive-message INFO navigate to main screen
2018-12-19 09:54:48 WhatsApp 2.18.327 receive-message INFO stop the application
2018-12-19 09:54:51 WhatsApp 2.18.327 receive-message INFO remove an app from the recent list
2018-12-19 09:54:52 WhatsApp 2.18.327 receive-message INFO return HOME
2018-12-19 10:12:18 WhatsApp 2.18.327 conversation-send-message INFO open application
2018-12-19 10:12:30 WhatsApp 2.18.327 conversation-send-message INFO click first conversation
2018-12-19 10:12:33 WhatsApp 2.18.327 conversation-send-message INFO click entry
2018-12-19 10:12:33 WhatsApp 2.18.327 conversation-send-message INFO type message
2018-12-19 10:12:36 WhatsApp 2.18.327 conversation-send-message INFO send message
2018-12-19 10:12:39 WhatsApp 2.18.327 conversation-send-message INFO stop the application
2018-12-19 10:12:40 WhatsApp 2.18.327 conversation-send-message INFO remove an app from the recent list
2018-12-19 10:12:41 WhatsApp 2.18.327 conversation-send-message INFO return HOME
2018-12-19 10:12:52 WhatsApp 2.18.327 receive-message INFO open application
2018-12-19 10:13:08 WhatsApp 2.18.327 receive-message INFO click new message received conversation
2018-12-19 10:13:11 WhatsApp 2.18.327 receive-message INFO last received message is a text
2018-12-19 10:13:13 WhatsApp 2.18.327 receive-message INFO navigate to main screen
2018-12-19 10:13:17 WhatsApp 2.18.327 receive-message INFO stop the application
2018-12-19 10:13:20 WhatsApp 2.18.327 receive-message INFO remove an app from the recent list
2018-12-19 10:13:22 WhatsApp 2.18.327 receive-message INFO return HOME
2018-12-19 10:30:56 WhatsApp 2.18.327 conversation-send-message INFO open application
2018-12-19 10:31:08 WhatsApp 2.18.327 conversation-send-message INFO click first conversation
2018-12-19 10:31:11 WhatsApp 2.18.327 conversation-send-message INFO click entry
2018-12-19 10:31:12 WhatsApp 2.18.327 conversation-send-message INFO type message
2018-12-19 10:31:14 WhatsApp 2.18.327 conversation-send-message INFO send message
2018-12-19 10:31:18 WhatsApp 2.18.327 conversation-send-message INFO stop the application
2018-12-19 10:31:19 WhatsApp 2.18.327 conversation-send-message INFO remove an app from the recent list
2018-12-19 10:31:19 WhatsApp 2.18.327 conversation-send-message INFO return HOME
2018-12-19 10:31:31 WhatsApp 2.18.327 receive-message INFO open application
2018-12-19 10:31:47 WhatsApp 2.18.327 receive-message INFO click new message received conversation
2018-12-19 10:31:51 WhatsApp 2.18.327 receive-message INFO last received message is a text
2018-12-19 10:31:52 WhatsApp 2.18.327 receive-message INFO navigate to main screen
2018-12-19 10:31:56 WhatsApp 2.18.327 receive-message INFO stop the application
2018-12-19 10:31:59 WhatsApp 2.18.327 receive-message INFO remove an app from the recent list
2018-12-19 10:32:00 WhatsApp 2.18.327 receive-message INFO return HOME
2018-12-19 11:03:33 WhatsApp 2.18.327 conversation-send-message INFO open application
2018-12-19 11:03:45 WhatsApp 2.18.327 conversation-send-message INFO click first conversation
2018-12-19 11:03:48 WhatsApp 2.18.327 conversation-send-message INFO click entry
2018-12-19 11:03:49 WhatsApp 2.18.327 conversation-send-message INFO type message
2018-12-19 11:03:51 WhatsApp 2.18.327 conversation-send-message INFO send message
2018-12-19 11:03:55 WhatsApp 2.18.327 conversation-send-message INFO stop the application
2018-12-19 11:03:56 WhatsApp 2.18.327 conversation-send-message INFO remove an app from the recent list
2018-12-19 11:03:56 WhatsApp 2.18.327 conversation-send-message INFO return HOME
2018-12-19 11:04:08 WhatsApp 2.18.327 receive-message INFO open application
2018-12-19 11:04:23 WhatsApp 2.18.327 receive-message INFO click new message received conversation
2018-12-19 11:04:27 WhatsApp 2.18.327 receive-message INFO last received message is a text
2018-12-19 11:04:29 WhatsApp 2.18.327 receive-message INFO navigate to main screen
2018-12-19 11:04:32 WhatsApp 2.18.327 receive-message INFO stop the application
2018-12-19 11:04:35 WhatsApp 2.18.327 receive-message INFO remove an app from the recent list
2018-12-19 11:04:37 WhatsApp 2.18.327 receive-message INFO return HOME
2018-12-19 11:22:11 WhatsApp 2.18.327 conversation-send-message INFO open application
2018-12-19 11:22:23 WhatsApp 2.18.327 conversation-send-message INFO click first conversation
2018-12-19 11:22:26 WhatsApp 2.18.327 conversation-send-message INFO click entry
2018-12-19 11:22:27 WhatsApp 2.18.327 conversation-send-message INFO type message
2018-12-19 11:22:29 WhatsApp 2.18.327 conversation-send-message INFO send message
2018-12-19 11:22:33 WhatsApp 2.18.327 conversation-send-message INFO stop the application
2018-12-19 11:22:33 WhatsApp 2.18.327 conversation-send-message INFO remove an app from the recent list
2018-12-19 11:22:34 WhatsApp 2.18.327 conversation-send-message INFO return HOME
2018-12-19 11:22:45 WhatsApp 2.18.327 receive-message INFO open application
2018-12-19 11:23:01 WhatsApp 2.18.327 receive-message INFO click new message received conversation
2018-12-19 11:23:05 WhatsApp 2.18.327 receive-message INFO last received message is a text
2018-12-19 11:23:06 WhatsApp 2.18.327 receive-message INFO navigate to main screen
2018-12-19 11:23:10 WhatsApp 2.18.327 receive-message INFO stop the application
2018-12-19 11:23:13 WhatsApp 2.18.327 receive-message INFO remove an app from the recent list
2018-12-19 11:23:14 WhatsApp 2.18.327 receive-message INFO return HOME
2018-12-19 11:40:55 WhatsApp 2.18.327 conversation-send-message INFO open application
2018-12-19 11:41:07 WhatsApp 2.18.327 conversation-send-message INFO click first conversation
2018-12-19 11:41:10 WhatsApp 2.18.327 conversation-send-message INFO click entry
2018-12-19 11:41:10 WhatsApp 2.18.327 conversation-send-message INFO type message
2018-12-19 11:41:13 WhatsApp 2.18.327 conversation-send-message INFO send message
2018-12-19 11:41:16 WhatsApp 2.18.327 conversation-send-message INFO stop the application
2018-12-19 11:41:17 WhatsApp 2.18.327 conversation-send-message INFO remove an app from the recent list
2018-12-19 11:41:18 WhatsApp 2.18.327 conversation-send-message INFO return HOME
2018-12-19 11:41:30 WhatsApp 2.18.327 receive-message INFO open application
2018-12-19 11:41:46 WhatsApp 2.18.327 receive-message INFO click new message received conversation
2018-12-19 11:41:49 WhatsApp 2.18.327 receive-message INFO last received message is a text
2018-12-19 11:41:51 WhatsApp 2.18.327 receive-message INFO navigate to main screen
2018-12-19 11:41:55 WhatsApp 2.18.327 receive-message INFO stop the application
2018-12-19 11:41:58 WhatsApp 2.18.327 receive-message INFO remove an app from the recent list
2018-12-19 11:41:59 WhatsApp 2.18.327 receive-message INFO return HOME
2018-12-19 11:59:33 WhatsApp 2.18.327 conversation-send-message INFO open application
2018-12-19 11:59:45 WhatsApp 2.18.327 conversation-send-message INFO click first conversation
2018-12-19 11:59:48 WhatsApp 2.18.327 conversation-send-message INFO click entry
2018-12-19 11:59:49 WhatsApp 2.18.327 conversation-send-message INFO type message
2018-12-19 11:59:51 WhatsApp 2.18.327 conversation-send-message INFO send message
2018-12-19 11:59:55 WhatsApp 2.18.327 conversation-send-message INFO stop the application
2018-12-19 11:59:56 WhatsApp 2.18.327 conversation-send-message INFO remove an app from the recent list
2018-12-19 11:59:56 WhatsApp 2.18.327 conversation-send-message INFO return HOME
2018-12-19 12:00:08 WhatsApp 2.18.327 receive-message INFO open application
2018-12-19 12:00:24 WhatsApp 2.18.327 receive-message INFO click new message received conversation
2018-12-19 12:00:27 WhatsApp 2.18.327 receive-message INFO last received message is a text
2018-12-19 12:00:29 WhatsApp 2.18.327 receive-message INFO navigate to main screen
2018-12-19 12:00:33 WhatsApp 2.18.327 receive-message INFO stop the application
2018-12-19 12:00:36 WhatsApp 2.18.327 receive-message INFO remove an app from the recent list
2018-12-19 12:00:37 WhatsApp 2.18.327 receive-message INFO return HOME
2018-12-19 12:35:16 WhatsApp 2.18.327 conversation-send-message INFO open application
2018-12-19 12:35:28 WhatsApp 2.18.327 conversation-send-message INFO click first conversation
2018-12-19 12:35:31 WhatsApp 2.18.327 conversation-send-message INFO click entry
2018-12-19 12:35:32 WhatsApp 2.18.327 conversation-send-message INFO type message
2018-12-19 12:35:35 WhatsApp 2.18.327 conversation-send-message INFO send message
2018-12-19 12:35:38 WhatsApp 2.18.327 conversation-send-message INFO stop the application
2018-12-19 12:35:39 WhatsApp 2.18.327 conversation-send-message INFO remove an app from the recent list
2018-12-19 12:35:39 WhatsApp 2.18.327 conversation-send-message INFO return HOME
2018-12-19 12:35:50 WhatsApp 2.18.327 receive-message INFO open application
2018-12-19 12:36:05 WhatsApp 2.18.327 receive-message INFO click new message received conversation
2018-12-19 12:36:09 WhatsApp 2.18.327 receive-message INFO last received message is a text
2018-12-19 12:36:11 WhatsApp 2.18.327 receive-message INFO navigate to main screen
2018-12-19 12:36:14 WhatsApp 2.18.327 receive-message INFO stop the application
2018-12-19 12:36:18 WhatsApp 2.18.327 receive-message INFO remove an app from the recent list
2018-12-19 12:36:19 WhatsApp 2.18.327 receive-message INFO return HOME
2018-12-19 13:10:52 WhatsApp 2.18.327 conversation-send-message INFO open application
2018-12-19 13:11:04 WhatsApp 2.18.327 conversation-send-message INFO click first conversation
2018-12-19 13:11:07 WhatsApp 2.18.327 conversation-send-message INFO click entry
2018-12-19 13:11:08 WhatsApp 2.18.327 conversation-send-message INFO type message
2018-12-19 13:11:11 WhatsApp 2.18.327 conversation-send-message INFO send message
2018-12-19 13:11:14 WhatsApp 2.18.327 conversation-send-message INFO stop the application
2018-12-19 13:11:15 WhatsApp 2.18.327 conversation-send-message INFO remove an app from the recent list
2018-12-19 13:11:15 WhatsApp 2.18.327 conversation-send-message INFO return HOME
2018-12-19 13:11:26 WhatsApp 2.18.327 receive-message INFO open application
2018-12-19 13:11:41 WhatsApp 2.18.327 receive-message INFO click new message received conversation
2018-12-19 13:11:45 WhatsApp 2.18.327 receive-message INFO last received message is a text
2018-12-19 13:11:46 WhatsApp 2.18.327 receive-message INFO navigate to main screen
2018-12-19 13:11:49 WhatsApp 2.18.327 receive-message INFO stop the application
2018-12-19 13:11:52 WhatsApp 2.18.327 receive-message INFO remove an app from the recent list
2018-12-19 13:11:53 WhatsApp 2.18.327 receive-message INFO return HOME
2018-12-19 13:29:44 WhatsApp 2.18.327 conversation-send-message INFO open application
2018-12-19 13:29:56 WhatsApp 2.18.327 conversation-send-message INFO click first conversation
2018-12-19 13:29:59 WhatsApp 2.18.327 conversation-send-message INFO click entry
2018-12-19 13:30:00 WhatsApp 2.18.327 conversation-send-message INFO type message
2018-12-19 13:30:02 WhatsApp 2.18.327 conversation-send-message INFO send message
2018-12-19 13:30:06 WhatsApp 2.18.327 conversation-send-message INFO stop the application
2018-12-19 13:30:07 WhatsApp 2.18.327 conversation-send-message INFO remove an app from the recent list
2018-12-19 13:30:07 WhatsApp 2.18.327 conversation-send-message INFO return HOME
2018-12-19 13:30:18 WhatsApp 2.18.327 receive-message INFO open application
2018-12-19 13:30:33 WhatsApp 2.18.327 receive-message INFO click new message received conversation
2018-12-19 13:30:37 WhatsApp 2.18.327 receive-message INFO last received message is a text
2018-12-19 13:30:39 WhatsApp 2.18.327 receive-message INFO navigate to main screen
2018-12-19 13:30:43 WhatsApp 2.18.327 receive-message INFO stop the application
2018-12-19 13:30:46 WhatsApp 2.18.327 receive-message INFO remove an app from the recent list
2018-12-19 13:30:47 WhatsApp 2.18.327 receive-message INFO return HOME
2018-12-19 13:48:28 WhatsApp 2.18.327 conversation-send-message INFO open application
2018-12-19 13:48:41 WhatsApp 2.18.327 conversation-send-message INFO click first conversation
2018-12-19 13:48:44 WhatsApp 2.18.327 conversation-send-message INFO click entry
2018-12-19 13:48:45 WhatsApp 2.18.327 conversation-send-message INFO type message
2018-12-19 13:48:48 WhatsApp 2.18.327 conversation-send-message INFO send message
2018-12-19 13:48:51 WhatsApp 2.18.327 conversation-send-message INFO stop the application
2018-12-19 13:48:52 WhatsApp 2.18.327 conversation-send-message INFO remove an app from the recent list
2018-12-19 13:48:53 WhatsApp 2.18.327 conversation-send-message INFO return HOME
2018-12-19 13:49:03 WhatsApp 2.18.327 receive-message INFO open application
2018-12-19 13:49:19 WhatsApp 2.18.327 receive-message INFO click new message received conversation
2018-12-19 13:49:23 WhatsApp 2.18.327 receive-message INFO last received message is a text
2018-12-19 13:49:24 WhatsApp 2.18.327 receive-message INFO navigate to main screen
2018-12-19 13:49:28 WhatsApp 2.18.327 receive-message INFO stop the application
2018-12-19 13:49:31 WhatsApp 2.18.327 receive-message INFO remove an app from the recent list
2018-12-19 13:49:33 WhatsApp 2.18.327 receive-message INFO return HOME
2018-12-19 14:22:50 WhatsApp 2.18.327 conversation-send-photo INFO open application
2018-12-19 14:23:03 WhatsApp 2.18.327 conversation-send-photo INFO click first conversation
2018-12-19 14:23:06 WhatsApp 2.18.327 conversation-send-photo INFO click attachment button
2018-12-19 14:23:08 WhatsApp 2.18.327 conversation-send-photo INFO click Gallery
2018-12-19 14:23:11 WhatsApp 2.18.327 conversation-send-photo INFO click Camera folder
2018-12-19 14:23:13 WhatsApp 2.18.327 conversation-send-photo INFO select photo
2018-12-19 14:23:31 WhatsApp 2.18.327 conversation-send-photo INFO click send button
2018-12-19 14:23:44 WhatsApp 2.18.327 conversation-send-photo INFO stop the application
2018-12-19 14:23:45 WhatsApp 2.18.327 conversation-send-photo INFO remove an app from the recent list
2018-12-19 14:23:46 WhatsApp 2.18.327 conversation-send-photo INFO return HOME
2018-12-19 14:23:57 WhatsApp 2.18.327 receive-message INFO open application
2018-12-19 14:24:12 WhatsApp 2.18.327 receive-message INFO click new message received conversation
2018-12-19 14:24:16 WhatsApp 2.18.327 receive-message INFO last received message is a photo
2018-12-19 14:24:18 WhatsApp 2.18.327 receive-message INFO navigate to main screen
2018-12-19 14:24:21 WhatsApp 2.18.327 receive-message INFO stop the application
2018-12-19 14:24:24 WhatsApp 2.18.327 receive-message INFO remove an app from the recent list
2018-12-19 14:24:26 WhatsApp 2.18.327 receive-message INFO return HOME
2018-12-19 14:42:04 WhatsApp 2.18.327 conversation-send-photo INFO open application
2018-12-19 14:42:16 WhatsApp 2.18.327 conversation-send-photo INFO click first conversation
2018-12-19 14:42:19 WhatsApp 2.18.327 conversation-send-photo INFO click attachment button
2018-12-19 14:42:21 WhatsApp 2.18.327 conversation-send-photo INFO click Gallery
2018-12-19 14:42:24 WhatsApp 2.18.327 conversation-send-photo INFO click Camera folder
2018-12-19 14:42:27 WhatsApp 2.18.327 conversation-send-photo INFO select photo
2018-12-19 14:42:44 WhatsApp 2.18.327 conversation-send-photo INFO click send button
2018-12-19 14:42:58 WhatsApp 2.18.327 conversation-send-photo INFO stop the application
2018-12-19 14:42:59 WhatsApp 2.18.327 conversation-send-photo INFO remove an app from the recent list
2018-12-19 14:42:59 WhatsApp 2.18.327 conversation-send-photo INFO return HOME
2018-12-19 14:43:10 WhatsApp 2.18.327 receive-message INFO open application
2018-12-19 14:43:26 WhatsApp 2.18.327 receive-message INFO click new message received conversation
2018-12-19 14:43:29 WhatsApp 2.18.327 receive-message INFO last received message is a photo
2018-12-19 14:43:31 WhatsApp 2.18.327 receive-message INFO navigate to main screen
2018-12-19 14:43:35 WhatsApp 2.18.327 receive-message INFO stop the application
2018-12-19 14:43:38 WhatsApp 2.18.327 receive-message INFO remove an app from the recent list
2018-12-19 14:43:39 WhatsApp 2.18.327 receive-message INFO return HOME
2018-12-19 16:54:14 WhatsApp 2.18.327 conversation-send-photo INFO open application
2018-12-19 16:54:27 WhatsApp 2.18.327 conversation-send-photo INFO click first conversation
2018-12-19 16:54:29 WhatsApp 2.18.327 conversation-send-photo INFO click attachment button
2018-12-19 16:54:32 WhatsApp 2.18.327 conversation-send-photo INFO click Gallery
2018-12-19 16:54:35 WhatsApp 2.18.327 conversation-send-photo INFO click Camera folder
2018-12-19 16:54:37 WhatsApp 2.18.327 conversation-send-photo INFO select photo
2018-12-19 16:54:55 WhatsApp 2.18.327 conversation-send-photo INFO click send button
2018-12-19 16:55:08 WhatsApp 2.18.327 conversation-send-photo INFO stop the application
2018-12-19 16:55:09 WhatsApp 2.18.327 conversation-send-photo INFO remove an app from the recent list
2018-12-19 16:55:10 WhatsApp 2.18.327 conversation-send-photo INFO return HOME
2018-12-19 16:55:21 WhatsApp 2.18.327 receive-message INFO open application
2018-12-19 16:55:37 WhatsApp 2.18.327 receive-message INFO click new message received conversation
2018-12-19 16:55:41 WhatsApp 2.18.327 receive-message INFO last received message is a photo
2018-12-19 16:55:42 WhatsApp 2.18.327 receive-message INFO navigate to main screen
2018-12-19 16:55:46 WhatsApp 2.18.327 receive-message INFO stop the application
2018-12-19 16:55:49 WhatsApp 2.18.327 receive-message INFO remove an app from the recent list
2018-12-19 16:55:51 WhatsApp 2.18.327 receive-message INFO return HOME
2018-12-19 15:14:30 WhatsApp 2.18.327 conversation-send-photo INFO open application
2018-12-19 15:14:43 WhatsApp 2.18.327 conversation-send-photo INFO click first conversation
2018-12-19 15:14:46 WhatsApp 2.18.327 conversation-send-photo INFO click attachment button
2018-12-19 15:14:49 WhatsApp 2.18.327 conversation-send-photo INFO click Gallery
2018-12-19 15:14:52 WhatsApp 2.18.327 conversation-send-photo INFO click Camera folder
2018-12-19 15:14:54 WhatsApp 2.18.327 conversation-send-photo INFO select photo
2018-12-19 15:15:12 WhatsApp 2.18.327 conversation-send-photo INFO click send button
2018-12-19 15:15:25 WhatsApp 2.18.327 conversation-send-photo INFO stop the application
2018-12-19 15:15:26 WhatsApp 2.18.327 conversation-send-photo INFO remove an app from the recent list
2018-12-19 15:15:27 WhatsApp 2.18.327 conversation-send-photo INFO return HOME
2018-12-19 15:15:38 WhatsApp 2.18.327 receive-message INFO open application
2018-12-19 15:15:53 WhatsApp 2.18.327 receive-message INFO click new message received conversation
2018-12-19 15:15:57 WhatsApp 2.18.327 receive-message INFO last received message is a photo
2018-12-19 15:15:58 WhatsApp 2.18.327 receive-message INFO navigate to main screen
2018-12-19 15:16:02 WhatsApp 2.18.327 receive-message INFO stop the application
2018-12-19 15:16:05 WhatsApp 2.18.327 receive-message INFO remove an app from the recent list
2018-12-19 15:16:06 WhatsApp 2.18.327 receive-message INFO return HOME
2018-12-19 15:34:07 WhatsApp 2.18.327 conversation-send-photo INFO open application
2018-12-19 15:34:20 WhatsApp 2.18.327 conversation-send-photo INFO click first conversation
2018-12-19 15:34:22 WhatsApp 2.18.327 conversation-send-photo INFO click attachment button
2018-12-19 15:34:25 WhatsApp 2.18.327 conversation-send-photo INFO click Gallery
2018-12-19 15:34:27 WhatsApp 2.18.327 conversation-send-photo INFO click Camera folder
2018-12-19 15:34:30 WhatsApp 2.18.327 conversation-send-photo INFO select photo
2018-12-19 15:34:48 WhatsApp 2.18.327 conversation-send-photo INFO click send button
2018-12-19 15:35:01 WhatsApp 2.18.327 conversation-send-photo INFO stop the application
2018-12-19 15:35:02 WhatsApp 2.18.327 conversation-send-photo INFO remove an app from the recent list
2018-12-19 15:35:03 WhatsApp 2.18.327 conversation-send-photo INFO return HOME
2018-12-19 15:35:14 WhatsApp 2.18.327 receive-message INFO open application
2018-12-19 15:35:29 WhatsApp 2.18.327 receive-message INFO click new message received conversation
2018-12-19 15:35:33 WhatsApp 2.18.327 receive-message INFO last received message is a photo
2018-12-19 15:35:35 WhatsApp 2.18.327 receive-message INFO navigate to main screen
2018-12-19 15:35:38 WhatsApp 2.18.327 receive-message INFO stop the application
2018-12-19 15:35:41 WhatsApp 2.18.327 receive-message INFO remove an app from the recent list
2018-12-19 15:35:43 WhatsApp 2.18.327 receive-message INFO return HOME
2018-12-19 15:53:39 WhatsApp 2.18.327 conversation-send-photo INFO open application
2018-12-19 15:53:51 WhatsApp 2.18.327 conversation-send-photo INFO click first conversation
2018-12-19 15:53:54 WhatsApp 2.18.327 conversation-send-photo INFO click attachment button
2018-12-19 15:53:56 WhatsApp 2.18.327 conversation-send-photo INFO click Gallery
2018-12-19 15:53:59 WhatsApp 2.18.327 conversation-send-photo INFO click Camera folder
2018-12-19 15:54:02 WhatsApp 2.18.327 conversation-send-photo INFO select photo
2018-12-19 15:54:19 WhatsApp 2.18.327 conversation-send-photo INFO click send button
2018-12-19 15:54:33 WhatsApp 2.18.327 conversation-send-photo INFO stop the application
2018-12-19 15:54:34 WhatsApp 2.18.327 conversation-send-photo INFO remove an app from the recent list
2018-12-19 15:54:34 WhatsApp 2.18.327 conversation-send-photo INFO return HOME
2018-12-19 15:54:45 WhatsApp 2.18.327 receive-message INFO open application
2018-12-19 15:55:01 WhatsApp 2.18.327 receive-message INFO click new message received conversation
2018-12-19 15:55:04 WhatsApp 2.18.327 receive-message INFO last received message is a photo
2018-12-19 15:55:06 WhatsApp 2.18.327 receive-message INFO navigate to main screen
2018-12-19 15:55:10 WhatsApp 2.18.327 receive-message INFO stop the application
2018-12-19 15:55:13 WhatsApp 2.18.327 receive-message INFO remove an app from the recent list
2018-12-19 15:55:14 WhatsApp 2.18.327 receive-message INFO return HOME
2018-12-19 16:13:25 WhatsApp 2.18.327 conversation-send-photo INFO open application
2018-12-19 16:13:38 WhatsApp 2.18.327 conversation-send-photo INFO click first conversation
2018-12-19 16:13:40 WhatsApp 2.18.327 conversation-send-photo INFO click attachment button
2018-12-19 16:13:43 WhatsApp 2.18.327 conversation-send-photo INFO click Gallery
2018-12-19 16:13:46 WhatsApp 2.18.327 conversation-send-photo INFO click Camera folder
2018-12-19 16:13:48 WhatsApp 2.18.327 conversation-send-photo INFO select photo
2018-12-19 16:14:06 WhatsApp 2.18.327 conversation-send-photo INFO click send button
2018-12-19 16:14:19 WhatsApp 2.18.327 conversation-send-photo INFO stop the application
2018-12-19 16:14:20 WhatsApp 2.18.327 conversation-send-photo INFO remove an app from the recent list
2018-12-19 16:14:21 WhatsApp 2.18.327 conversation-send-photo INFO return HOME
2018-12-19 16:14:32 WhatsApp 2.18.327 receive-message INFO open application
2018-12-19 16:14:47 WhatsApp 2.18.327 receive-message INFO click new message received conversation
2018-12-19 16:14:51 WhatsApp 2.18.327 receive-message INFO last received message is a photo
2018-12-19 16:14:52 WhatsApp 2.18.327 receive-message INFO navigate to main screen
2018-12-19 16:14:56 WhatsApp 2.18.327 receive-message INFO stop the application
2018-12-19 16:14:59 WhatsApp 2.18.327 receive-message INFO remove an app from the recent list
2018-12-19 16:15:01 WhatsApp 2.18.327 receive-message INFO return HOME
2018-12-19 16:32:46 WhatsApp 2.18.327 conversation-send-photo INFO open application
2018-12-19 16:32:59 WhatsApp 2.18.327 conversation-send-photo INFO click first conversation
2018-12-19 16:33:02 WhatsApp 2.18.327 conversation-send-photo INFO click attachment button
2018-12-19 16:33:04 WhatsApp 2.18.327 conversation-send-photo INFO click Gallery
2018-12-19 16:33:07 WhatsApp 2.18.327 conversation-send-photo INFO click Camera folder
2018-12-19 16:33:09 WhatsApp 2.18.327 conversation-send-photo INFO select photo
2018-12-19 16:33:27 WhatsApp 2.18.327 conversation-send-photo INFO click send button
2018-12-19 16:33:40 WhatsApp 2.18.327 conversation-send-photo INFO stop the application
2018-12-19 16:33:42 WhatsApp 2.18.327 conversation-send-photo INFO remove an app from the recent list
2018-12-19 16:33:42 WhatsApp 2.18.327 conversation-send-photo INFO return HOME
2018-12-19 16:33:54 WhatsApp 2.18.327 receive-message INFO open application
2018-12-19 16:34:10 WhatsApp 2.18.327 receive-message INFO click new message received conversation
2018-12-19 16:34:13 WhatsApp 2.18.327 receive-message INFO last received message is a photo
2018-12-19 16:34:15 WhatsApp 2.18.327 receive-message INFO navigate to main screen
2018-12-19 16:34:19 WhatsApp 2.18.327 receive-message INFO stop the application
2018-12-19 16:34:22 WhatsApp 2.18.327 receive-message INFO remove an app from the recent list
2018-12-19 16:34:23 WhatsApp 2.18.327 receive-message INFO return HOME
2018-12-19 19:57:48 WhatsApp 2.18.327 conversation-send-photo INFO open application
2018-12-19 19:58:01 WhatsApp 2.18.327 conversation-send-photo INFO click first conversation
2018-12-19 19:58:03 WhatsApp 2.18.327 conversation-send-photo INFO click attachment button
2018-12-19 19:58:06 WhatsApp 2.18.327 conversation-send-photo INFO click Gallery
2018-12-19 19:58:09 WhatsApp 2.18.327 conversation-send-photo INFO click Camera folder
2018-12-19 19:58:11 WhatsApp 2.18.327 conversation-send-photo INFO select photo
2018-12-19 19:58:29 WhatsApp 2.18.327 conversation-send-photo INFO click send button
2018-12-19 19:58:42 WhatsApp 2.18.327 conversation-send-photo INFO stop the application
2018-12-19 19:58:44 WhatsApp 2.18.327 conversation-send-photo INFO remove an app from the recent list
2018-12-19 19:58:44 WhatsApp 2.18.327 conversation-send-photo INFO return HOME
2018-12-19 19:58:55 WhatsApp 2.18.327 receive-message INFO open application
2018-12-19 19:59:10 WhatsApp 2.18.327 receive-message INFO click new message received conversation
2018-12-19 19:59:13 WhatsApp 2.18.327 receive-message INFO last received message is a photo
2018-12-19 19:59:14 WhatsApp 2.18.327 receive-message INFO navigate to main screen
2018-12-19 19:59:17 WhatsApp 2.18.327 receive-message INFO stop the application
2018-12-19 19:59:19 WhatsApp 2.18.327 receive-message INFO remove an app from the recent list
2018-12-19 19:59:20 WhatsApp 2.18.327 receive-message INFO return HOME
2018-12-19 20:44:34 WhatsApp 2.18.327 conversation-send-photo INFO open application
2018-12-19 20:44:46 WhatsApp 2.18.327 conversation-send-photo INFO click first conversation
2018-12-19 20:44:49 WhatsApp 2.18.327 conversation-send-photo INFO click attachment button
2018-12-19 20:44:52 WhatsApp 2.18.327 conversation-send-photo INFO click Gallery
2018-12-19 20:44:54 WhatsApp 2.18.327 conversation-send-photo INFO click Camera folder
2018-12-19 20:44:57 WhatsApp 2.18.327 conversation-send-photo INFO select photo
2018-12-19 20:45:15 WhatsApp 2.18.327 conversation-send-photo INFO click send button
2018-12-19 20:45:28 WhatsApp 2.18.327 conversation-send-photo INFO stop the application
2018-12-19 20:45:29 WhatsApp 2.18.327 conversation-send-photo INFO remove an app from the recent list
2018-12-19 20:45:29 WhatsApp 2.18.327 conversation-send-photo INFO return HOME
2018-12-19 20:45:40 WhatsApp 2.18.327 receive-message INFO open application
2018-12-19 20:45:55 WhatsApp 2.18.327 receive-message INFO click new message received conversation
2018-12-19 20:45:58 WhatsApp 2.18.327 receive-message INFO last received message is a photo
2018-12-19 20:45:59 WhatsApp 2.18.327 receive-message INFO navigate to main screen
2018-12-19 20:46:02 WhatsApp 2.18.327 receive-message INFO stop the application
2018-12-19 20:46:05 WhatsApp 2.18.327 receive-message INFO remove an app from the recent list
2018-12-19 20:46:06 WhatsApp 2.18.327 receive-message INFO return HOME
2018-12-19 21:03:44 WhatsApp 2.18.327 conversation-send-photo INFO open application
2018-12-19 21:03:56 WhatsApp 2.18.327 conversation-send-photo INFO click first conversation
2018-12-19 21:03:59 WhatsApp 2.18.327 conversation-send-photo INFO click attachment button
2018-12-19 21:04:02 WhatsApp 2.18.327 conversation-send-photo INFO click Gallery
2018-12-19 21:04:04 WhatsApp 2.18.327 conversation-send-photo INFO click Camera folder
2018-12-19 21:04:07 WhatsApp 2.18.327 conversation-send-photo INFO select photo
2018-12-19 21:04:24 WhatsApp 2.18.327 conversation-send-photo INFO click send button
2018-12-19 21:04:38 WhatsApp 2.18.327 conversation-send-photo INFO stop the application
2018-12-19 21:04:39 WhatsApp 2.18.327 conversation-send-photo INFO remove an app from the recent list
2018-12-19 21:04:39 WhatsApp 2.18.327 conversation-send-photo INFO return HOME
2018-12-19 21:04:50 WhatsApp 2.18.327 receive-message INFO open application
2018-12-19 21:05:06 WhatsApp 2.18.327 receive-message INFO click new message received conversation
2018-12-19 21:05:09 WhatsApp 2.18.327 receive-message INFO last received message is a photo
2018-12-19 21:05:11 WhatsApp 2.18.327 receive-message INFO navigate to main screen
2018-12-19 21:05:15 WhatsApp 2.18.327 receive-message INFO stop the application
2018-12-19 21:05:18 WhatsApp 2.18.327 receive-message INFO remove an app from the recent list
2018-12-19 21:05:19 WhatsApp 2.18.327 receive-message INFO return HOME
2018-12-19 21:25:13 WhatsApp 2.18.327 open-close INFO open application
2018-12-19 21:25:19 WhatsApp 2.18.327 open-close INFO stop the application
2018-12-19 21:25:22 WhatsApp 2.18.327 open-close INFO remove an app from the recent list
2018-12-19 21:25:23 WhatsApp 2.18.327 open-close INFO return HOME
2018-12-19 21:42:37 WhatsApp 2.18.327 open-close INFO open application
2018-12-19 21:42:42 WhatsApp 2.18.327 open-close INFO stop the application
2018-12-19 21:42:45 WhatsApp 2.18.327 open-close INFO remove an app from the recent list
2018-12-19 21:42:47 WhatsApp 2.18.327 open-close INFO return HOME
2018-12-19 22:00:02 WhatsApp 2.18.327 open-close INFO open application
2018-12-19 22:00:07 WhatsApp 2.18.327 open-close INFO stop the application
2018-12-19 22:00:10 WhatsApp 2.18.327 open-close INFO remove an app from the recent list
2018-12-19 22:00:12 WhatsApp 2.18.327 open-close INFO return HOME
2018-12-19 22:17:29 WhatsApp 2.18.327 open-close INFO open application
2018-12-19 22:17:34 WhatsApp 2.18.327 open-close INFO stop the application
2018-12-19 22:17:37 WhatsApp 2.18.327 open-close INFO remove an app from the recent list
2018-12-19 22:17:39 WhatsApp 2.18.327 open-close INFO return HOME
2018-12-19 22:35:10 WhatsApp 2.18.327 open-close INFO open application
2018-12-19 22:35:15 WhatsApp 2.18.327 open-close INFO stop the application
2018-12-19 22:35:18 WhatsApp 2.18.327 open-close INFO remove an app from the recent list
2018-12-19 22:35:20 WhatsApp 2.18.327 open-close INFO return HOME
2018-12-19 22:52:50 WhatsApp 2.18.327 open-close INFO open application
2018-12-19 22:52:55 WhatsApp 2.18.327 open-close INFO stop the application
2018-12-19 22:52:58 WhatsApp 2.18.327 open-close INFO remove an app from the recent list
2018-12-19 22:53:00 WhatsApp 2.18.327 open-close INFO return HOME
2018-12-19 23:10:32 WhatsApp 2.18.327 open-close INFO open application
2018-12-19 23:10:37 WhatsApp 2.18.327 open-close INFO stop the application
2018-12-19 23:10:40 WhatsApp 2.18.327 open-close INFO remove an app from the recent list
2018-12-19 23:10:42 WhatsApp 2.18.327 open-close INFO return HOME
2018-12-19 23:28:07 WhatsApp 2.18.327 open-close INFO open application
2018-12-19 23:28:12 WhatsApp 2.18.327 open-close INFO stop the application
2018-12-19 23:28:15 WhatsApp 2.18.327 open-close INFO remove an app from the recent list
2018-12-19 23:28:17 WhatsApp 2.18.327 open-close INFO return HOME
2018-12-19 23:45:39 WhatsApp 2.18.327 open-close INFO open application
2018-12-19 23:45:44 WhatsApp 2.18.327 open-close INFO stop the application
2018-12-19 23:45:47 WhatsApp 2.18.327 open-close INFO remove an app from the recent list
2018-12-19 23:45:48 WhatsApp 2.18.327 open-close INFO return HOME
2018-12-20 00:03:11 WhatsApp 2.18.327 open-close INFO open application
2018-12-20 00:03:16 WhatsApp 2.18.327 open-close INFO stop the application
2018-12-20 00:03:19 WhatsApp 2.18.327 open-close INFO remove an app from the recent list
2018-12-20 00:03:21 WhatsApp 2.18.327 open-close INFO return HOME
2018-12-20 00:20:31 WhatsApp 2.18.327 open-close INFO open application
2018-12-20 00:20:37 WhatsApp 2.18.327 open-close INFO stop the application
2018-12-20 00:20:40 WhatsApp 2.18.327 open-close INFO remove an app from the recent list
2018-12-20 00:20:41 WhatsApp 2.18.327 open-close INFO return HOME
